#
# There is insufficient memory for the Java Runtime Environment to continue.
# Native memory allocation (malloc) failed to allocate 1048576 bytes for AllocateHeap
# Possible reasons:
#   The system is out of physical RAM or swap space
#   In 32 bit mode, the process size limit was hit
# Possible solutions:
#   Reduce memory load on the system
#   Increase physical memory or swap space
#   Check if swap backing store is full
#   Use 64 bit Java on a 64 bit OS
#   Decrease Java heap size (-Xmx/-Xms)
#   Decrease number of Java threads
#   Decrease Java thread stack sizes (-Xss)
#   Set larger code cache with -XX:ReservedCodeCacheSize=
# This output file may be truncated or incomplete.
#
#  Out of Memory Error (memory/allocation.inline.hpp:61), pid=1296, tid=0x0000000000003940
#
# JRE version:  (8.0_131-b11) (build )
# Java VM: Java HotSpot(TM) 64-Bit Server VM (25.131-b11 mixed mode windows-amd64 compressed oops)
# Failed to write core dump. Minidumps are not enabled by default on client versions of Windows
#

---------------  T H R E A D  ---------------

Current thread (0x00000000035e6800):  JavaThread "Unknown thread" [_thread_in_vm, id=14656, stack(0x00000000033a0000,0x00000000034a0000)]

Stack: [0x00000000033a0000,0x00000000034a0000]
[error occurred during error reporting (printing stack bounds), id 0xc0000005]

Native frames: (J=compiled Java code, j=interpreted, Vv=VM code, C=native code)


---------------  P R O C E S S  ---------------

Java Threads: ( => current thread )

Other Threads:

=>0x00000000035e6800 (exited) JavaThread "Unknown thread" [_thread_in_vm, id=14656, stack(0x00000000033a0000,0x00000000034a0000)]

VM state:not at safepoint (normal execution)

VM Mutex/Monitor currently owned by a thread: None

Heap:
 PSYoungGen      total 38400K, used 665K [0x00000000d5f00000, 0x00000000d8980000, 0x0000000100000000)
  eden space 33280K, 2% used [0x00000000d5f00000,0x00000000d5fa6670,0x00000000d7f80000)
  from space 5120K, 0% used [0x00000000d8480000,0x00000000d8480000,0x00000000d8980000)
  to   space 5120K, 0% used [0x00000000d7f80000,0x00000000d7f80000,0x00000000d8480000)
 ParOldGen       total 87552K, used 0K [0x0000000081c00000, 0x0000000087180000, 0x00000000d5f00000)
  object space 87552K, 0% used [0x0000000081c00000,0x0000000081c00000,0x0000000087180000)
 Metaspace       used 781K, capacity 4480K, committed 4480K, reserved 1056768K
  class space    used 75K, capacity 384K, committed 384K, reserved 1048576K

Card table byte_map: [0x0000000012aa0000,0x0000000012ea0000] byte_map_base: 0x0000000012692000

Marking Bits: (ParMarkBitMap*) 0x000000005112c720
 Begin Bits: [0x0000000013950000, 0x00000000158e0000)
 End Bits:   [0x00000000158e0000, 0x0000000017870000)

Polling page: 0x00000000011a0000

CodeCache: size=245760Kb used=328Kb max_used=328Kb free=245431Kb
 bounds [0x00000000036e0000, 0x0000000003950000, 0x00000000126e0000]
 total_blobs=58 nmethods=0 adapters=38
 compilation: enabled

Compilation events (0 events):
No events

GC Heap History (0 events):
No events

Deoptimization events (0 events):
No events

Internal exceptions (0 events):
No events

Events (10 events):
Event: 0.054 loading class java/lang/Short
Event: 0.054 loading class java/lang/Short done
Event: 0.054 loading class java/lang/Integer
Event: 0.054 loading class java/lang/Integer done
Event: 0.054 loading class java/lang/Long
Event: 0.054 loading class java/lang/Long done
Event: 0.055 loading class java/lang/NullPointerException
Event: 0.055 loading class java/lang/NullPointerException done
Event: 0.055 loading class java/lang/ArithmeticException
Event: 0.055 loading class java/lang/ArithmeticException done


Dynamic libraries:
0x00007ff66f4a0000 - 0x00007ff66f4d7000 	D:\dev\Java\jdk1.8.0_131\bin\java.exe
0x00007ffff5ba0000 - 0x00007ffff5d90000 	C:\WINDOWS\SYSTEM32\ntdll.dll
0x00007ffff5220000 - 0x00007ffff52d2000 	C:\WINDOWS\System32\KERNEL32.DLL
0x00007ffff2c40000 - 0x00007ffff2ee5000 	C:\WINDOWS\System32\KERNELBASE.dll
0x00007ffff4e40000 - 0x00007ffff4ee3000 	C:\WINDOWS\System32\ADVAPI32.dll
0x00007ffff44f0000 - 0x00007ffff458e000 	C:\WINDOWS\System32\msvcrt.dll
0x00007ffff5310000 - 0x00007ffff53a7000 	C:\WINDOWS\System32\sechost.dll
0x00007ffff49c0000 - 0x00007ffff4adf000 	C:\WINDOWS\System32\RPCRT4.dll
0x00007ffff58f0000 - 0x00007ffff5a84000 	C:\WINDOWS\System32\USER32.dll
0x00007ffff2b10000 - 0x00007ffff2b31000 	C:\WINDOWS\System32\win32u.dll
0x00007ffff4ef0000 - 0x00007ffff4f16000 	C:\WINDOWS\System32\GDI32.dll
0x00007ffff3a50000 - 0x00007ffff3be8000 	C:\WINDOWS\System32\gdi32full.dll
0x00007ffff3880000 - 0x00007ffff391e000 	C:\WINDOWS\System32\msvcp_win.dll
0x00007ffff2b40000 - 0x00007ffff2c3a000 	C:\WINDOWS\System32\ucrtbase.dll
0x00007fffe46f0000 - 0x00007fffe4974000 	C:\WINDOWS\WinSxS\amd64_microsoft.windows.common-controls_6595b64144ccf1df_6.0.18362.1440_none_9e7dbfb9e45e8e67\COMCTL32.dll
0x00007ffff4680000 - 0x00007ffff49b6000 	C:\WINDOWS\System32\combase.dll
0x00007ffff37f0000 - 0x00007ffff3871000 	C:\WINDOWS\System32\bcryptPrimitives.dll
0x00007ffff52e0000 - 0x00007ffff530e000 	C:\WINDOWS\System32\IMM32.DLL
0x00000000517a0000 - 0x0000000051872000 	D:\dev\Java\jdk1.8.0_131\jre\bin\msvcr100.dll
0x0000000050910000 - 0x00000000511ac000 	D:\dev\Java\jdk1.8.0_131\jre\bin\server\jvm.dll
0x00007ffff4c70000 - 0x00007ffff4c78000 	C:\WINDOWS\System32\PSAPI.DLL
0x00007fffce820000 - 0x00007fffce829000 	C:\WINDOWS\SYSTEM32\WSOCK32.dll
0x00007ffff05b0000 - 0x00007ffff05d4000 	C:\WINDOWS\SYSTEM32\WINMM.dll
0x00007ffff2620000 - 0x00007ffff262a000 	C:\WINDOWS\SYSTEM32\VERSION.dll
0x00007ffff45b0000 - 0x00007ffff461f000 	C:\WINDOWS\System32\WS2_32.dll
0x00007ffff0580000 - 0x00007ffff05ad000 	C:\WINDOWS\SYSTEM32\WINMMBASE.dll
0x00007ffff3a00000 - 0x00007ffff3a4a000 	C:\WINDOWS\System32\cfgmgr32.dll
0x0000000051c00000 - 0x0000000051c0f000 	D:\dev\Java\jdk1.8.0_131\jre\bin\verify.dll
0x0000000051bd0000 - 0x0000000051bf9000 	D:\dev\Java\jdk1.8.0_131\jre\bin\java.dll
0x0000000051b60000 - 0x0000000051b95000 	D:\dev\Java\jdk1.8.0_131\jre\bin\jdwp.dll
0x0000000051b50000 - 0x0000000051b58000 	D:\dev\Java\jdk1.8.0_131\jre\bin\npt.dll
0x0000000051770000 - 0x0000000051793000 	D:\dev\Java\jdk1.8.0_131\jre\bin\instrument.dll
0x0000000051bb0000 - 0x0000000051bc6000 	D:\dev\Java\jdk1.8.0_131\jre\bin\zip.dll

VM Arguments:
jvm_args: -agentlib:jdwp=transport=dt_shmem,address=javadebug,suspend=y,server=n -ea -Didea.test.cyclic.buffer.size=1048576 -javaagent:C:\Users\flydr\.IntelliJIdea2019.3\system\captureAgent\debugger-agent.jar -Dfile.encoding=UTF-8 
java_command: com.intellij.rt.junit.JUnitStarter -ideVersion5 -junit4 com.demo.myspringboot.mybatis.MapperTest,contextLoads
java_class_path (initial): D:\dev\IntelliJ IDEA 2019.3.1\lib\idea_rt.jar;D:\dev\IntelliJ IDEA 2019.3.1\plugins\junit\lib\junit5-rt.jar;D:\dev\IntelliJ IDEA 2019.3.1\plugins\junit\lib\junit-rt.jar;D:\dev\Java\jdk1.8.0_131\jre\lib\charsets.jar;D:\dev\Java\jdk1.8.0_131\jre\lib\deploy.jar;D:\dev\Java\jdk1.8.0_131\jre\lib\ext\access-bridge-64.jar;D:\dev\Java\jdk1.8.0_131\jre\lib\ext\cldrdata.jar;D:\dev\Java\jdk1.8.0_131\jre\lib\ext\dnsns.jar;D:\dev\Java\jdk1.8.0_131\jre\lib\ext\jaccess.jar;D:\dev\Java\jdk1.8.0_131\jre\lib\ext\jfxrt.jar;D:\dev\Java\jdk1.8.0_131\jre\lib\ext\localedata.jar;D:\dev\Java\jdk1.8.0_131\jre\lib\ext\nashorn.jar;D:\dev\Java\jdk1.8.0_131\jre\lib\ext\sunec.jar;D:\dev\Java\jdk1.8.0_131\jre\lib\ext\sunjce_provider.jar;D:\dev\Java\jdk1.8.0_131\jre\lib\ext\sunmscapi.jar;D:\dev\Java\jdk1.8.0_131\jre\lib\ext\sunpkcs11.jar;D:\dev\Java\jdk1.8.0_131\jre\lib\ext\zipfs.jar;D:\dev\Java\jdk1.8.0_131\jre\lib\javaws.jar;D:\dev\Java\jdk1.8.0_131\jre\lib\jce.jar;D:\dev\Java\jdk1.8.0_131\jre\lib\jfr.jar;D:\dev\Java\jdk1.8.0_131\jre\lib\jfxswt.jar;D:\dev\Java\jdk1.8.0_131\jre\lib\jsse.jar;D:\dev\Java\jdk1.8.0_131\jre\lib\management-agent.jar;D:\dev\Java\jdk1.8.0_131\jre\lib\plugin.jar;D:\dev\Java\jdk1.8.0_131\jre\lib\resources.jar;D:\dev\Java\jdk1.8.0_131\jre\lib\rt.jar;D:\IdeaProjects\myspringbootdemo\core\target\test-classes;D:\IdeaProjects\myspringbootdemo\core\target\classes;D:\IdeaProjects\myspringbootdemo\component\target\classes;D:\dev\Repository\com\baomidou\mybatis-plus-boot-starter\3.4.2\mybatis-plus-boot-starter-3.4.2.jar;D:\dev\Repository\com\baomidou\mybatis-plus\3.4.2\mybatis-plus-3.4.2.jar;D:\dev\Repository\com\baomidou\mybatis-plus-extension\3.4.2\mybatis-plus-extension-3.4.2.jar;D:\dev\Repository\com\baomidou\mybatis-plus-core\3.4.2\mybatis-plus-core-3.4.2.jar;D:\dev\Repository\com\baomidou\mybatis-plus-annotation\3.4.2\mybatis-plus-annotation-3.4.2.jar;D:\dev\Repository\com\github\jsqlparser\jsqlparser\4.0\jsqlparser-4.0.jar;D:\dev\Repository\org\my
Launcher Type: SUN_STANDARD

Environment Variables:
JAVA_HOME=D:\dev\Java\jdk1.8.0_131
PATH=C:\Program Files (x86)\Common Files\Oracle\Java\javapath;C:\ProgramData\Oracle\Java\javapath;D:\app\xiaolu\product\11.2.0\dbhome_1\bin;C:\Program Files (x86)\Intel\iCLS Client\;C:\Program Files\Intel\iCLS Client\;C:\Windows\system32;C:\Windows;C:\Windows\System32\Wbem;C:\Windows\System32\WindowsPowerShell\v1.0\;C:\Program Files (x86)\Intel\Intel(R) Management Engine Components\DAL;C:\Program Files\Intel\Intel(R) Management Engine Components\DAL;C:\Program Files (x86)\Intel\Intel(R) Management Engine Components\IPT;C:\Program Files\Intel\Intel(R) Management Engine Components\IPT;C:\Program Files (x86)\NVIDIA Corporation\PhysX\Common;C:\WINDOWS\system32;C:\WINDOWS;C:\WINDOWS\System32\Wbem;C:\WINDOWS\System32\WindowsPowerShell\v1.0\;D:\MySQL\mysql-5.7.29-winx64\bin;D:\dev\nginx-1.14.0;C:\WINDOWS\System32\OpenSSH\;D:\dev\Java\jdk1.8.0_131\bin;D:\dev\apache-maven-3.3.9\bin;C:\Program Files\Intel\WiFi\bin\;C:\Program Files\Common Files\Intel\WirelessCommon\;C:\Program Files\NVIDIA Corporation\NVIDIA NvDLISR;D:\Git\cmd;D:\TortoiseGit\bin;D:\dev\gradle-6.4.1\bin;C:\Users\flydr\AppData\Local\Microsoft\WindowsApps
USERNAME=xiaolu
OS=Windows_NT
PROCESSOR_IDENTIFIER=Intel64 Family 6 Model 142 Stepping 10, GenuineIntel



---------------  S Y S T E M  ---------------

OS: Windows 10.0 , 64 bit Build 18362 (10.0.18362.1350)

CPU:total 8 (initial active 8) (4 cores per cpu, 2 threads per core) family 6 model 142 stepping 10, cmov, cx8, fxsr, mmx, sse, sse2, sse3, ssse3, sse4.1, sse4.2, popcnt, avx, avx2, aes, clmul, erms, 3dnowpref, lzcnt, ht, tsc, tscinvbit, bmi1, bmi2, adx

Memory: 4k page, physical 8269924k(1722268k free), swap 15692512k(5372k free)

vm_info: Java HotSpot(TM) 64-Bit Server VM (25.131-b11) for windows-amd64 JRE (1.8.0_131-b11), built on Mar 15 2017 01:23:53 by "java_re" with MS VC++ 10.0 (VS2010)

time: Sun Apr 04 16:54:04 2021
elapsed time: 0 seconds (0d 0h 0m 0s)

