#
# There is insufficient memory for the Java Runtime Environment to continue.
# Native memory allocation (malloc) failed to allocate 282016 bytes for Chunk::new
# Possible reasons:
#   The system is out of physical RAM or swap space
#   In 32 bit mode, the process size limit was hit
# Possible solutions:
#   Reduce memory load on the system
#   Increase physical memory or swap space
#   Check if swap backing store is full
#   Use 64 bit Java on a 64 bit OS
#   Decrease Java heap size (-Xmx/-Xms)
#   Decrease number of Java threads
#   Decrease Java thread stack sizes (-Xss)
#   Set larger code cache with -XX:ReservedCodeCacheSize=
# This output file may be truncated or incomplete.
#
#  Out of Memory Error (allocation.cpp:390), pid=16836, tid=0x0000000000003f34
#
# JRE version: Java(TM) SE Runtime Environment (8.0_131-b11) (build 1.8.0_131-b11)
# Java VM: Java HotSpot(TM) 64-Bit Server VM (25.131-b11 mixed mode windows-amd64 compressed oops)
# Failed to write core dump. Minidumps are not enabled by default on client versions of Windows
#

---------------  T H R E A D  ---------------

Current thread (0x000000001a8fb000):  JavaThread "C2 CompilerThread1" daemon [_thread_in_native, id=16180, stack(0x000000001b080000,0x000000001b180000)]

Stack: [0x000000001b080000,0x000000001b180000]
[error occurred during error reporting (printing stack bounds), id 0xc0000005]

Native frames: (J=compiled Java code, j=interpreted, Vv=VM code, C=native code)


Current CompileTask:
C2:   3428 1024 %     4       java.io.WinNTFileSystem::normalize @ 22 (143 bytes)


---------------  P R O C E S S  ---------------

Java Threads: ( => current thread )
  0x000000001a90d800 JavaThread "Service Thread" daemon [_thread_blocked, id=11928, stack(0x000000001b380000,0x000000001b480000)]
  0x000000001a8fc800 JavaThread "C1 CompilerThread3" daemon [_thread_blocked, id=12504, stack(0x000000001b280000,0x000000001b380000)]
  0x000000001a8fb800 JavaThread "C2 CompilerThread2" daemon [_thread_blocked, id=17980, stack(0x000000001b180000,0x000000001b280000)]
=>0x000000001a8fb000 JavaThread "C2 CompilerThread1" daemon [_thread_in_native, id=16180, stack(0x000000001b080000,0x000000001b180000)]
  0x000000001a8f8000 JavaThread "C2 CompilerThread0" daemon [_thread_blocked, id=13136, stack(0x000000001af80000,0x000000001b080000)]
  0x0000000019e30800 JavaThread "JDWP Command Reader" daemon [_thread_in_native, id=17500, stack(0x000000001a680000,0x000000001a780000)]
  0x0000000019e2f800 JavaThread "JDWP Event Helper Thread" daemon [_thread_in_native, id=15944, stack(0x000000001a580000,0x000000001a680000)]
  0x0000000019e22000 JavaThread "JDWP Transport Listener: dt_shmem" daemon [_thread_blocked, id=14436, stack(0x000000001a480000,0x000000001a580000)]
  0x0000000019dc7000 JavaThread "Attach Listener" daemon [_thread_blocked, id=5288, stack(0x000000001a380000,0x000000001a480000)]
  0x0000000019e20800 JavaThread "Signal Dispatcher" daemon [_thread_blocked, id=6940, stack(0x000000001a280000,0x000000001a380000)]
  0x0000000019da0800 JavaThread "Finalizer" daemon [_thread_blocked, id=8400, stack(0x000000001a180000,0x000000001a280000)]
  0x0000000017e9d800 JavaThread "Reference Handler" daemon [_thread_blocked, id=15576, stack(0x0000000019c80000,0x0000000019d80000)]
  0x0000000002e26800 JavaThread "main" [_thread_in_vm, id=5264, stack(0x0000000002b50000,0x0000000002c50000)]

Other Threads:
  0x0000000017e99800 VMThread [stack: 0x0000000019b80000,0x0000000019c80000] [id=15056]
  0x000000001aa25000 WatcherThread [stack: 0x000000001b480000,0x000000001b580000] [id=9928]

VM state:not at safepoint (normal execution)

VM Mutex/Monitor currently owned by a thread: None

Heap:
 PSYoungGen      total 38400K, used 8643K [0x00000000d5f00000, 0x00000000d8980000, 0x0000000100000000)
  eden space 33280K, 12% used [0x00000000d5f00000,0x00000000d6309448,0x00000000d7f80000)
  from space 5120K, 88% used [0x00000000d8480000,0x00000000d88e7b28,0x00000000d8980000)
  to   space 5120K, 0% used [0x00000000d7f80000,0x00000000d7f80000,0x00000000d8480000)
 ParOldGen       total 87552K, used 16K [0x0000000081c00000, 0x0000000087180000, 0x00000000d5f00000)
  object space 87552K, 0% used [0x0000000081c00000,0x0000000081c04000,0x0000000087180000)
 Metaspace       used 11215K, capacity 11636K, committed 11776K, reserved 1060864K
  class space    used 1330K, capacity 1450K, committed 1536K, reserved 1048576K

Card table byte_map: [0x00000000122e0000,0x00000000126e0000] byte_map_base: 0x0000000011ed2000

Marking Bits: (ParMarkBitMap*) 0x000000005112c720
 Begin Bits: [0x0000000013190000, 0x0000000015120000)
 End Bits:   [0x0000000015120000, 0x00000000170b0000)

Polling page: 0x00000000008e0000

CodeCache: size=245760Kb used=3806Kb max_used=3806Kb free=241953Kb
 bounds [0x0000000002f20000, 0x00000000032e0000, 0x0000000011f20000]
 total_blobs=1371 nmethods=1032 adapters=260
 compilation: enabled

Compilation events (10 events):
Event: 3.402 Thread 0x000000001a8fb000 1024 %     4       java.io.WinNTFileSystem::normalize @ 22 (143 bytes)
Event: 3.405 Thread 0x000000001a8fc800 1025       3       java.lang.Class::getDeclaringClass (22 bytes)
Event: 3.406 Thread 0x000000001a8fc800 nmethod 1025 0x00000000032d5490 code [0x00000000032d5620, 0x00000000032d59a8]
Event: 3.411 Thread 0x000000001a8fc800 1027       3       java.lang.Class::privateGetDeclaredConstructors (85 bytes)
Event: 3.412 Thread 0x000000001a8fc800 nmethod 1027 0x00000000032d5b10 code [0x00000000032d5ce0, 0x00000000032d63d8]
Event: 3.412 Thread 0x000000001a8fc800 1028       3       sun.reflect.ReflectionFactory::copyConstructor (10 bytes)
Event: 3.413 Thread 0x000000001a8fc800 nmethod 1028 0x00000000032d66d0 code [0x00000000032d6860, 0x00000000032d6c48]
Event: 3.422 Thread 0x000000001a8fc800 1029       3       java.lang.invoke.MethodType::parameterSlotCount (8 bytes)
Event: 3.422 Thread 0x000000001a8fc800 nmethod 1029 0x00000000032d6e10 code [0x00000000032d6f80, 0x00000000032d7230]
Event: 3.422 Thread 0x000000001a8fc800 1030       3       java.lang.invoke.MethodTypeForm::parameterSlotCount (9 bytes)

GC Heap History (4 events):
Event: 2.432 GC heap before
{Heap before GC invocations=1 (full 0):
 PSYoungGen      total 38400K, used 33280K [0x00000000d5f00000, 0x00000000d8980000, 0x0000000100000000)
  eden space 33280K, 100% used [0x00000000d5f00000,0x00000000d7f80000,0x00000000d7f80000)
  from space 5120K, 0% used [0x00000000d8480000,0x00000000d8480000,0x00000000d8980000)
  to   space 5120K, 0% used [0x00000000d7f80000,0x00000000d7f80000,0x00000000d8480000)
 ParOldGen       total 87552K, used 0K [0x0000000081c00000, 0x0000000087180000, 0x00000000d5f00000)
  object space 87552K, 0% used [0x0000000081c00000,0x0000000081c00000,0x0000000087180000)
 Metaspace       used 7687K, capacity 7932K, committed 8192K, reserved 1056768K
  class space    used 881K, capacity 970K, committed 1024K, reserved 1048576K
Event: 2.439 GC heap after
Heap after GC invocations=1 (full 0):
 PSYoungGen      total 38400K, used 3746K [0x00000000d5f00000, 0x00000000d8980000, 0x0000000100000000)
  eden space 33280K, 0% used [0x00000000d5f00000,0x00000000d5f00000,0x00000000d7f80000)
  from space 5120K, 73% used [0x00000000d7f80000,0x00000000d8328820,0x00000000d8480000)
  to   space 5120K, 0% used [0x00000000d8480000,0x00000000d8480000,0x00000000d8980000)
 ParOldGen       total 87552K, used 8K [0x0000000081c00000, 0x0000000087180000, 0x00000000d5f00000)
  object space 87552K, 0% used [0x0000000081c00000,0x0000000081c02000,0x0000000087180000)
 Metaspace       used 7687K, capacity 7932K, committed 8192K, reserved 1056768K
  class space    used 881K, capacity 970K, committed 1024K, reserved 1048576K
}
Event: 3.334 GC heap before
{Heap before GC invocations=2 (full 0):
 PSYoungGen      total 38400K, used 37026K [0x00000000d5f00000, 0x00000000d8980000, 0x0000000100000000)
  eden space 33280K, 100% used [0x00000000d5f00000,0x00000000d7f80000,0x00000000d7f80000)
  from space 5120K, 73% used [0x00000000d7f80000,0x00000000d8328820,0x00000000d8480000)
  to   space 5120K, 0% used [0x00000000d8480000,0x00000000d8480000,0x00000000d8980000)
 ParOldGen       total 87552K, used 8K [0x0000000081c00000, 0x0000000087180000, 0x00000000d5f00000)
  object space 87552K, 0% used [0x0000000081c00000,0x0000000081c02000,0x0000000087180000)
 Metaspace       used 10638K, capacity 11034K, committed 11136K, reserved 1058816K
  class space    used 1268K, capacity 1381K, committed 1408K, reserved 1048576K
Event: 3.341 GC heap after
Heap after GC invocations=2 (full 0):
 PSYoungGen      total 38400K, used 4510K [0x00000000d5f00000, 0x00000000d8980000, 0x0000000100000000)
  eden space 33280K, 0% used [0x00000000d5f00000,0x00000000d5f00000,0x00000000d7f80000)
  from space 5120K, 88% used [0x00000000d8480000,0x00000000d88e7b28,0x00000000d8980000)
  to   space 5120K, 0% used [0x00000000d7f80000,0x00000000d7f80000,0x00000000d8480000)
 ParOldGen       total 87552K, used 16K [0x0000000081c00000, 0x0000000087180000, 0x00000000d5f00000)
  object space 87552K, 0% used [0x0000000081c00000,0x0000000081c04000,0x0000000087180000)
 Metaspace       used 10638K, capacity 11034K, committed 11136K, reserved 1058816K
  class space    used 1268K, capacity 1381K, committed 1408K, reserved 1048576K
}

Deoptimization events (9 events):
Event: 1.982 Thread 0x0000000002e26800 Uncommon trap: reason=unstable_if action=reinterpret pc=0x0000000003111f74 method=java.lang.String.lastIndexOf([CII[CIII)I @ 17
Event: 2.041 Thread 0x0000000002e26800 Uncommon trap: reason=unstable_if action=reinterpret pc=0x00000000030ce6dc method=sun.misc.MetaIndex.mayContain(Ljava/lang/String;)Z @ 38
Event: 2.463 Thread 0x0000000002e26800 Uncommon trap: reason=class_check action=maybe_recompile pc=0x000000000310fa24 method=java.lang.String.equals(Ljava/lang/Object;)Z @ 8
Event: 2.481 Thread 0x0000000002e26800 Uncommon trap: reason=class_check action=maybe_recompile pc=0x000000000310fa24 method=java.lang.String.equals(Ljava/lang/Object;)Z @ 8
Event: 2.486 Thread 0x0000000002e26800 Uncommon trap: reason=class_check action=maybe_recompile pc=0x000000000310fa24 method=java.lang.String.equals(Ljava/lang/Object;)Z @ 8
Event: 2.487 Thread 0x0000000002e26800 Uncommon trap: reason=class_check action=maybe_recompile pc=0x000000000310fa24 method=java.lang.String.equals(Ljava/lang/Object;)Z @ 8
Event: 2.844 Thread 0x0000000002e26800 Uncommon trap: reason=unstable_if action=reinterpret pc=0x00000000031a632c method=java.io.WinNTFileSystem.normalize(Ljava/lang/String;)Ljava/lang/String; @ 128
Event: 3.132 Thread 0x0000000002e26800 Uncommon trap: reason=unstable_if action=reinterpret pc=0x000000000327e6a0 method=sun.misc.URLClassPath$FileLoader.getResource(Ljava/lang/String;Z)Lsun/misc/Resource; @ 139
Event: 3.242 Thread 0x0000000002e26800 Uncommon trap: reason=range_check action=make_not_entrant pc=0x00000000031dce4c method=sun.reflect.generics.parser.SignatureParser.current()C @ 34

Internal exceptions (10 events):
Event: 2.187 Thread 0x0000000002e26800 Exception <a 'java/lang/NoSuchFieldError': method resolution failed> (0x00000000d75c07d8) thrown at [C:\re\workspace\8-2-build-windows-amd64-cygwin\jdk8u131\8869\hotspot\src\share\vm\prims\methodHandles.cpp, line 1146]
Event: 2.191 Thread 0x0000000002e26800 Exception <a 'java/lang/NoSuchFieldError': method resolution failed> (0x00000000d75cf008) thrown at [C:\re\workspace\8-2-build-windows-amd64-cygwin\jdk8u131\8869\hotspot\src\share\vm\prims\methodHandles.cpp, line 1146]
Event: 2.353 Thread 0x0000000002e26800 Exception <a 'java/lang/NoSuchMethodError': org.slf4j.impl.StaticMDCBinder.getSingleton()Lorg/slf4j/impl/StaticMDCBinder;> (0x00000000d7afe820) thrown at [C:\re\workspace\8-2-build-windows-amd64-cygwin\jdk8u131\8869\hotspot\src\share\vm\interpreter\linkRe
Event: 2.605 Thread 0x0000000002e26800 Exception <a 'java/lang/NoSuchMethodError': java.lang.Object.lambda$andThen$1(Ljava/util/function/Function;Ljava/lang/Object;)Ljava/lang/Object;> (0x00000000d6791af8) thrown at [C:\re\workspace\8-2-build-windows-amd64-cygwin\jdk8u131\8869\hotspot\src\shar
Event: 2.733 Thread 0x0000000002e26800 Exception <a 'java/lang/NoSuchMethodError': java.lang.Object.lambda$comparingInt$7b0bb60$1(Ljava/util/function/ToIntFunction;Ljava/lang/Object;Ljava/lang/Object;)I> (0x00000000d6c9fe10) thrown at [C:\re\workspace\8-2-build-windows-amd64-cygwin\jdk8u131\88
Event: 2.865 Thread 0x0000000002e26800 Exception <a 'java/lang/NoSuchMethodError': java.lang.Object.lambda$comparing$77a9974f$1(Ljava/util/function/Function;Ljava/lang/Object;Ljava/lang/Object;)I> (0x00000000d7081bd0) thrown at [C:\re\workspace\8-2-build-windows-amd64-cygwin\jdk8u131\8869\hots
Event: 3.202 Thread 0x0000000002e26800 Exception <a 'java/lang/NoSuchMethodError': java.lang.Object.lambda$static$0(Ljava/lang/Object;)Ljava/lang/Object;> (0x00000000d792ceb0) thrown at [C:\re\workspace\8-2-build-windows-amd64-cygwin\jdk8u131\8869\hotspot\src\share\vm\interpreter\linkResolver.
Event: 3.242 Thread 0x0000000002e26800 Exception <a 'java/lang/ArrayIndexOutOfBoundsException': 18> (0x00000000d7ac21d0) thrown at [C:\re\workspace\8-2-build-windows-amd64-cygwin\jdk8u131\8869\hotspot\src\share\vm\interpreter\interpreterRuntime.cpp, line 366]
Event: 3.243 Thread 0x0000000002e26800 Exception <a 'java/lang/ArrayIndexOutOfBoundsException': 182> (0x00000000d7ac4f80) thrown at [C:\re\workspace\8-2-build-windows-amd64-cygwin\jdk8u131\8869\hotspot\src\share\vm\interpreter\interpreterRuntime.cpp, line 366]
Event: 3.244 Thread 0x0000000002e26800 Exception <a 'java/lang/ArrayIndexOutOfBoundsException': 60> (0x00000000d7ac8238) thrown at [C:\re\workspace\8-2-build-windows-amd64-cygwin\jdk8u131\8869\hotspot\src\share\vm\interpreter\interpreterRuntime.cpp, line 366]

Events (10 events):
Event: 3.420 loading class java/time/format/DateTimeFormatterBuilder$CharLiteralPrinterParser
Event: 3.420 loading class java/time/format/DateTimeFormatterBuilder$CharLiteralPrinterParser done
Event: 3.420 loading class java/time/format/ResolverStyle
Event: 3.420 loading class java/time/format/ResolverStyle done
Event: 3.420 loading class java/time/chrono/IsoChronology
Event: 3.420 loading class java/time/chrono/AbstractChronology
Event: 3.421 loading class java/time/chrono/Chronology
Event: 3.421 loading class java/time/chrono/Chronology done
Event: 3.421 loading class java/time/chrono/AbstractChronology done
Event: 3.421 loading class java/time/chrono/IsoChronology done


Dynamic libraries:
0x00007ff66f4a0000 - 0x00007ff66f4d7000 	D:\dev\Java\jdk1.8.0_131\bin\java.exe
0x00007ffff5ba0000 - 0x00007ffff5d90000 	C:\WINDOWS\SYSTEM32\ntdll.dll
0x00007ffff5220000 - 0x00007ffff52d2000 	C:\WINDOWS\System32\KERNEL32.DLL
0x00007ffff2c40000 - 0x00007ffff2ee5000 	C:\WINDOWS\System32\KERNELBASE.dll
0x00007ffff4e40000 - 0x00007ffff4ee3000 	C:\WINDOWS\System32\ADVAPI32.dll
0x00007ffff44f0000 - 0x00007ffff458e000 	C:\WINDOWS\System32\msvcrt.dll
0x00007ffff5310000 - 0x00007ffff53a7000 	C:\WINDOWS\System32\sechost.dll
0x00007ffff49c0000 - 0x00007ffff4adf000 	C:\WINDOWS\System32\RPCRT4.dll
0x00007ffff58f0000 - 0x00007ffff5a84000 	C:\WINDOWS\System32\USER32.dll
0x00007ffff2b10000 - 0x00007ffff2b31000 	C:\WINDOWS\System32\win32u.dll
0x00007ffff4ef0000 - 0x00007ffff4f16000 	C:\WINDOWS\System32\GDI32.dll
0x00007ffff3a50000 - 0x00007ffff3be8000 	C:\WINDOWS\System32\gdi32full.dll
0x00007ffff3880000 - 0x00007ffff391e000 	C:\WINDOWS\System32\msvcp_win.dll
0x00007ffff2b40000 - 0x00007ffff2c3a000 	C:\WINDOWS\System32\ucrtbase.dll
0x00007fffe46f0000 - 0x00007fffe4974000 	C:\WINDOWS\WinSxS\amd64_microsoft.windows.common-controls_6595b64144ccf1df_6.0.18362.1440_none_9e7dbfb9e45e8e67\COMCTL32.dll
0x00007ffff4680000 - 0x00007ffff49b6000 	C:\WINDOWS\System32\combase.dll
0x00007ffff37f0000 - 0x00007ffff3871000 	C:\WINDOWS\System32\bcryptPrimitives.dll
0x00007ffff52e0000 - 0x00007ffff530e000 	C:\WINDOWS\System32\IMM32.DLL
0x00000000517a0000 - 0x0000000051872000 	D:\dev\Java\jdk1.8.0_131\jre\bin\msvcr100.dll
0x0000000050910000 - 0x00000000511ac000 	D:\dev\Java\jdk1.8.0_131\jre\bin\server\jvm.dll
0x00007ffff4c70000 - 0x00007ffff4c78000 	C:\WINDOWS\System32\PSAPI.DLL
0x00007ffff2620000 - 0x00007ffff262a000 	C:\WINDOWS\SYSTEM32\VERSION.dll
0x00007fffce820000 - 0x00007fffce829000 	C:\WINDOWS\SYSTEM32\WSOCK32.dll
0x00007ffff05b0000 - 0x00007ffff05d4000 	C:\WINDOWS\SYSTEM32\WINMM.dll
0x00007ffff45b0000 - 0x00007ffff461f000 	C:\WINDOWS\System32\WS2_32.dll
0x00007ffff0580000 - 0x00007ffff05ad000 	C:\WINDOWS\SYSTEM32\WINMMBASE.dll
0x00007ffff3a00000 - 0x00007ffff3a4a000 	C:\WINDOWS\System32\cfgmgr32.dll
0x0000000051c00000 - 0x0000000051c0f000 	D:\dev\Java\jdk1.8.0_131\jre\bin\verify.dll
0x0000000051bd0000 - 0x0000000051bf9000 	D:\dev\Java\jdk1.8.0_131\jre\bin\java.dll
0x0000000051b70000 - 0x0000000051ba5000 	D:\dev\Java\jdk1.8.0_131\jre\bin\jdwp.dll
0x0000000051b60000 - 0x0000000051b68000 	D:\dev\Java\jdk1.8.0_131\jre\bin\npt.dll
0x0000000051770000 - 0x0000000051793000 	D:\dev\Java\jdk1.8.0_131\jre\bin\instrument.dll
0x0000000051bb0000 - 0x0000000051bc6000 	D:\dev\Java\jdk1.8.0_131\jre\bin\zip.dll
0x00007ffff3c50000 - 0x00007ffff4338000 	C:\WINDOWS\System32\SHELL32.dll
0x00007ffff4ae0000 - 0x00007ffff4b87000 	C:\WINDOWS\System32\shcore.dll
0x00007ffff3050000 - 0x00007ffff37cb000 	C:\WINDOWS\System32\windows.storage.dll
0x00007ffff2ad0000 - 0x00007ffff2aee000 	C:\WINDOWS\System32\profapi.dll
0x00007ffff2a80000 - 0x00007ffff2aca000 	C:\WINDOWS\System32\powrprof.dll
0x00007ffff2a50000 - 0x00007ffff2a60000 	C:\WINDOWS\System32\UMPDC.dll
0x00007ffff4340000 - 0x00007ffff4392000 	C:\WINDOWS\System32\shlwapi.dll
0x00007ffff2a60000 - 0x00007ffff2a71000 	C:\WINDOWS\System32\kernel.appcore.dll
0x00007ffff37d0000 - 0x00007ffff37e7000 	C:\WINDOWS\System32\cryptsp.dll
0x0000000051740000 - 0x000000005174b000 	D:\dev\Java\jdk1.8.0_131\jre\bin\dt_shmem.dll
0x0000000051b40000 - 0x0000000051b5a000 	D:\dev\Java\jdk1.8.0_131\jre\bin\net.dll
0x00007ffff2220000 - 0x00007ffff2287000 	C:\WINDOWS\system32\mswsock.dll
0x0000000051750000 - 0x0000000051761000 	D:\dev\Java\jdk1.8.0_131\jre\bin\nio.dll

VM Arguments:
jvm_args: -agentlib:jdwp=transport=dt_shmem,address=javadebug,suspend=y,server=n -ea -Didea.test.cyclic.buffer.size=1048576 -javaagent:C:\Users\flydr\.IntelliJIdea2019.3\system\captureAgent\debugger-agent.jar -Dfile.encoding=UTF-8 
java_command: com.intellij.rt.junit.JUnitStarter -ideVersion5 -junit4 com.demo.myspringboot.mybatis.MapperTest,contextLoads
java_class_path (initial): D:\dev\IntelliJ IDEA 2019.3.1\lib\idea_rt.jar;D:\dev\IntelliJ IDEA 2019.3.1\plugins\junit\lib\junit5-rt.jar;D:\dev\IntelliJ IDEA 2019.3.1\plugins\junit\lib\junit-rt.jar;D:\dev\Java\jdk1.8.0_131\jre\lib\charsets.jar;D:\dev\Java\jdk1.8.0_131\jre\lib\deploy.jar;D:\dev\Java\jdk1.8.0_131\jre\lib\ext\access-bridge-64.jar;D:\dev\Java\jdk1.8.0_131\jre\lib\ext\cldrdata.jar;D:\dev\Java\jdk1.8.0_131\jre\lib\ext\dnsns.jar;D:\dev\Java\jdk1.8.0_131\jre\lib\ext\jaccess.jar;D:\dev\Java\jdk1.8.0_131\jre\lib\ext\jfxrt.jar;D:\dev\Java\jdk1.8.0_131\jre\lib\ext\localedata.jar;D:\dev\Java\jdk1.8.0_131\jre\lib\ext\nashorn.jar;D:\dev\Java\jdk1.8.0_131\jre\lib\ext\sunec.jar;D:\dev\Java\jdk1.8.0_131\jre\lib\ext\sunjce_provider.jar;D:\dev\Java\jdk1.8.0_131\jre\lib\ext\sunmscapi.jar;D:\dev\Java\jdk1.8.0_131\jre\lib\ext\sunpkcs11.jar;D:\dev\Java\jdk1.8.0_131\jre\lib\ext\zipfs.jar;D:\dev\Java\jdk1.8.0_131\jre\lib\javaws.jar;D:\dev\Java\jdk1.8.0_131\jre\lib\jce.jar;D:\dev\Java\jdk1.8.0_131\jre\lib\jfr.jar;D:\dev\Java\jdk1.8.0_131\jre\lib\jfxswt.jar;D:\dev\Java\jdk1.8.0_131\jre\lib\jsse.jar;D:\dev\Java\jdk1.8.0_131\jre\lib\management-agent.jar;D:\dev\Java\jdk1.8.0_131\jre\lib\plugin.jar;D:\dev\Java\jdk1.8.0_131\jre\lib\resources.jar;D:\dev\Java\jdk1.8.0_131\jre\lib\rt.jar;D:\IdeaProjects\myspringbootdemo\core\target\test-classes;D:\IdeaProjects\myspringbootdemo\core\target\classes;D:\IdeaProjects\myspringbootdemo\component\target\classes;D:\dev\Repository\com\baomidou\mybatis-plus-boot-starter\3.4.2\mybatis-plus-boot-starter-3.4.2.jar;D:\dev\Repository\com\baomidou\mybatis-plus\3.4.2\mybatis-plus-3.4.2.jar;D:\dev\Repository\com\baomidou\mybatis-plus-extension\3.4.2\mybatis-plus-extension-3.4.2.jar;D:\dev\Repository\com\baomidou\mybatis-plus-core\3.4.2\mybatis-plus-core-3.4.2.jar;D:\dev\Repository\com\baomidou\mybatis-plus-annotation\3.4.2\mybatis-plus-annotation-3.4.2.jar;D:\dev\Repository\com\github\jsqlparser\jsqlparser\4.0\jsqlparser-4.0.jar;D:\dev\Repository\org\my
Launcher Type: SUN_STANDARD

Environment Variables:
JAVA_HOME=D:\dev\Java\jdk1.8.0_131
PATH=C:\Program Files (x86)\Common Files\Oracle\Java\javapath;C:\ProgramData\Oracle\Java\javapath;D:\app\xiaolu\product\11.2.0\dbhome_1\bin;C:\Program Files (x86)\Intel\iCLS Client\;C:\Program Files\Intel\iCLS Client\;C:\Windows\system32;C:\Windows;C:\Windows\System32\Wbem;C:\Windows\System32\WindowsPowerShell\v1.0\;C:\Program Files (x86)\Intel\Intel(R) Management Engine Components\DAL;C:\Program Files\Intel\Intel(R) Management Engine Components\DAL;C:\Program Files (x86)\Intel\Intel(R) Management Engine Components\IPT;C:\Program Files\Intel\Intel(R) Management Engine Components\IPT;C:\Program Files (x86)\NVIDIA Corporation\PhysX\Common;C:\WINDOWS\system32;C:\WINDOWS;C:\WINDOWS\System32\Wbem;C:\WINDOWS\System32\WindowsPowerShell\v1.0\;D:\MySQL\mysql-5.7.29-winx64\bin;D:\dev\nginx-1.14.0;C:\WINDOWS\System32\OpenSSH\;D:\dev\Java\jdk1.8.0_131\bin;D:\dev\apache-maven-3.3.9\bin;C:\Program Files\Intel\WiFi\bin\;C:\Program Files\Common Files\Intel\WirelessCommon\;C:\Program Files\NVIDIA Corporation\NVIDIA NvDLISR;D:\Git\cmd;D:\TortoiseGit\bin;D:\dev\gradle-6.4.1\bin;C:\Users\flydr\AppData\Local\Microsoft\WindowsApps
USERNAME=xiaolu
OS=Windows_NT
PROCESSOR_IDENTIFIER=Intel64 Family 6 Model 142 Stepping 10, GenuineIntel



---------------  S Y S T E M  ---------------

OS: Windows 10.0 , 64 bit Build 18362 (10.0.18362.1350)

CPU:total 8 (initial active 8) (4 cores per cpu, 2 threads per core) family 6 model 142 stepping 10, cmov, cx8, fxsr, mmx, sse, sse2, sse3, ssse3, sse4.1, sse4.2, popcnt, avx, avx2, aes, clmul, erms, 3dnowpref, lzcnt, ht, tsc, tscinvbit, bmi1, bmi2, adx

Memory: 4k page, physical 8269924k(785904k free), swap 15692512k(2296k free)

vm_info: Java HotSpot(TM) 64-Bit Server VM (25.131-b11) for windows-amd64 JRE (1.8.0_131-b11), built on Mar 15 2017 01:23:53 by "java_re" with MS VC++ 10.0 (VS2010)

time: Sun Apr 04 16:40:36 2021
elapsed time: 3 seconds (0d 0h 0m 3s)

