#
# There is insufficient memory for the Java Runtime Environment to continue.
# Native memory allocation (malloc) failed to allocate 2835632 bytes for Chunk::new
# Possible reasons:
#   The system is out of physical RAM or swap space
#   In 32 bit mode, the process size limit was hit
# Possible solutions:
#   Reduce memory load on the system
#   Increase physical memory or swap space
#   Check if swap backing store is full
#   Use 64 bit Java on a 64 bit OS
#   Decrease Java heap size (-Xmx/-Xms)
#   Decrease number of Java threads
#   Decrease Java thread stack sizes (-Xss)
#   Set larger code cache with -XX:ReservedCodeCacheSize=
# This output file may be truncated or incomplete.
#
#  Out of Memory Error (allocation.cpp:390), pid=8528, tid=0x00000000000004cc
#
# JRE version: Java(TM) SE Runtime Environment (8.0_131-b11) (build 1.8.0_131-b11)
# Java VM: Java HotSpot(TM) 64-Bit Server VM (25.131-b11 mixed mode windows-amd64 compressed oops)
# Failed to write core dump. Minidumps are not enabled by default on client versions of Windows
#

---------------  T H R E A D  ---------------

Current thread (0x000000001a71c800):  JavaThread "C2 CompilerThread2" daemon [_thread_in_native, id=1228, stack(0x000000001af60000,0x000000001b060000)]

Stack: [0x000000001af60000,0x000000001b060000]
[error occurred during error reporting (printing stack bounds), id 0xc0000005]

Native frames: (J=compiled Java code, j=interpreted, Vv=VM code, C=native code)


Current CompileTask:
C2:   4319 2037       4       java.net.URLClassLoader$1::run (5 bytes)


---------------  P R O C E S S  ---------------

Java Threads: ( => current thread )
  0x000000001a7a5800 JavaThread "Service Thread" daemon [_thread_blocked, id=12100, stack(0x000000001b160000,0x000000001b260000)]
  0x000000001a71d800 JavaThread "C1 CompilerThread3" daemon [_thread_in_vm, id=10804, stack(0x000000001b060000,0x000000001b160000)]
=>0x000000001a71c800 JavaThread "C2 CompilerThread2" daemon [_thread_in_native, id=1228, stack(0x000000001af60000,0x000000001b060000)]
  0x000000001a71c000 JavaThread "C2 CompilerThread1" daemon [_thread_blocked, id=19132, stack(0x000000001ae60000,0x000000001af60000)]
  0x000000001a6f4800 JavaThread "C2 CompilerThread0" daemon [_thread_in_native, id=11412, stack(0x000000001ad60000,0x000000001ae60000)]
  0x0000000019c10800 JavaThread "JDWP Command Reader" daemon [_thread_in_native, id=6968, stack(0x000000001a460000,0x000000001a560000)]
  0x0000000019c0d000 JavaThread "JDWP Event Helper Thread" daemon [_thread_blocked, id=7756, stack(0x000000001a360000,0x000000001a460000)]
  0x0000000017caa000 JavaThread "JDWP Transport Listener: dt_shmem" daemon [_thread_blocked, id=15272, stack(0x000000001a260000,0x000000001a360000)]
  0x0000000019ba2000 JavaThread "Attach Listener" daemon [_thread_blocked, id=2004, stack(0x000000001a160000,0x000000001a260000)]
  0x0000000019ba1000 JavaThread "Signal Dispatcher" daemon [_thread_blocked, id=2716, stack(0x000000001a060000,0x000000001a160000)]
  0x0000000019b80800 JavaThread "Finalizer" daemon [_thread_blocked, id=6476, stack(0x0000000019f60000,0x000000001a060000)]
  0x0000000017c9d000 JavaThread "Reference Handler" daemon [_thread_blocked, id=10416, stack(0x0000000019a60000,0x0000000019b60000)]
  0x0000000002c26800 JavaThread "main" [_thread_in_vm, id=4776, stack(0x0000000002970000,0x0000000002a70000)]

Other Threads:
  0x0000000002d1e800 VMThread [stack: 0x0000000019960000,0x0000000019a60000] [id=6020]
  0x000000001a821800 WatcherThread [stack: 0x000000001b260000,0x000000001b360000] [id=10200]

VM state:not at safepoint (normal execution)

VM Mutex/Monitor currently owned by a thread: None

Heap:
 PSYoungGen      total 112128K, used 50267K [0x00000000d5f00000, 0x00000000df080000, 0x0000000100000000)
  eden space 104960K, 41% used [0x00000000d5f00000,0x00000000d8938ce8,0x00000000dc580000)
  from space 7168K, 98% used [0x00000000de980000,0x00000000df05e1a8,0x00000000df080000)
  to   space 9216K, 0% used [0x00000000dde80000,0x00000000dde80000,0x00000000de780000)
 ParOldGen       total 56832K, used 7705K [0x0000000081c00000, 0x0000000085380000, 0x00000000d5f00000)
  object space 56832K, 13% used [0x0000000081c00000,0x00000000823866b0,0x0000000085380000)
 Metaspace       used 27078K, capacity 28504K, committed 28672K, reserved 1075200K
  class space    used 3437K, capacity 3724K, committed 3840K, reserved 1048576K

Card table byte_map: [0x00000000120e0000,0x00000000124e0000] byte_map_base: 0x0000000011cd2000

Marking Bits: (ParMarkBitMap*) 0x000000006470c720
 Begin Bits: [0x0000000012f90000, 0x0000000014f20000)
 End Bits:   [0x0000000014f20000, 0x0000000016eb0000)

Polling page: 0x0000000000860000

CodeCache: size=245760Kb used=8900Kb max_used=8900Kb free=236859Kb
 bounds [0x0000000002d20000, 0x00000000035e0000, 0x0000000011d20000]
 total_blobs=2899 nmethods=2532 adapters=287
 compilation: enabled

Compilation events (10 events):
Event: 4.285 Thread 0x000000001a71c000 nmethod 2513 0x00000000035c3850 code [0x00000000035c3980, 0x00000000035c3a58]
Event: 4.286 Thread 0x000000001a71d800 2514       3       java.lang.Class::copyConstructors (38 bytes)
Event: 4.287 Thread 0x000000001a71d800 nmethod 2514 0x00000000035c3d90 code [0x00000000035c3fa0, 0x00000000035c4aa8]
Event: 4.288 Thread 0x000000001a71d800 2515       3       org.springframework.beans.factory.support.AbstractBeanDefinition::hasConstructorArgumentValues (23 bytes)
Event: 4.288 Thread 0x000000001a71d800 nmethod 2515 0x00000000035c3090 code [0x00000000035c3220, 0x00000000035c36b8]
Event: 4.288 Thread 0x000000001a71d800 2516       3       org.springframework.beans.factory.support.AbstractBeanDefinition::setLenientConstructorResolution (6 bytes)
Event: 4.288 Thread 0x000000001a71d800 nmethod 2516 0x00000000035ca050 code [0x00000000035ca1a0, 0x00000000035ca2f0]
Event: 4.289 Thread 0x000000001a71d800 2517       3       java.util.Collections$UnmodifiableList::hashCode (10 bytes)
Event: 4.289 Thread 0x000000001a71d800 nmethod 2517 0x00000000035c9c10 code [0x00000000035c9d80, 0x00000000035c9fa8]
Event: 4.291 Thread 0x000000001a71c000 2518       4       java.util.jar.Attributes::getValue (9 bytes)

GC Heap History (10 events):
Event: 2.227 GC heap before
{Heap before GC invocations=3 (full 0):
 PSYoungGen      total 38400K, used 37663K [0x00000000d5f00000, 0x00000000daa00000, 0x0000000100000000)
  eden space 33280K, 100% used [0x00000000d5f00000,0x00000000d7f80000,0x00000000d7f80000)
  from space 5120K, 85% used [0x00000000d8480000,0x00000000d88c7d70,0x00000000d8980000)
  to   space 5120K, 0% used [0x00000000d7f80000,0x00000000d7f80000,0x00000000d8480000)
 ParOldGen       total 87552K, used 24K [0x0000000081c00000, 0x0000000087180000, 0x00000000d5f00000)
  object space 87552K, 0% used [0x0000000081c00000,0x0000000081c06000,0x0000000087180000)
 Metaspace       used 13540K, capacity 14136K, committed 14336K, reserved 1062912K
  class space    used 1651K, capacity 1792K, committed 1792K, reserved 1048576K
Event: 2.238 GC heap after
Heap after GC invocations=3 (full 0):
 PSYoungGen      total 38400K, used 5112K [0x00000000d5f00000, 0x00000000daa00000, 0x0000000100000000)
  eden space 33280K, 0% used [0x00000000d5f00000,0x00000000d5f00000,0x00000000d7f80000)
  from space 5120K, 99% used [0x00000000d7f80000,0x00000000d847e190,0x00000000d8480000)
  to   space 5120K, 0% used [0x00000000da500000,0x00000000da500000,0x00000000daa00000)
 ParOldGen       total 87552K, used 111K [0x0000000081c00000, 0x0000000087180000, 0x00000000d5f00000)
  object space 87552K, 0% used [0x0000000081c00000,0x0000000081c1bd28,0x0000000087180000)
 Metaspace       used 13540K, capacity 14136K, committed 14336K, reserved 1062912K
  class space    used 1651K, capacity 1792K, committed 1792K, reserved 1048576K
}
Event: 2.895 GC heap before
{Heap before GC invocations=4 (full 0):
 PSYoungGen      total 38400K, used 38392K [0x00000000d5f00000, 0x00000000daa00000, 0x0000000100000000)
  eden space 33280K, 100% used [0x00000000d5f00000,0x00000000d7f80000,0x00000000d7f80000)
  from space 5120K, 99% used [0x00000000d7f80000,0x00000000d847e190,0x00000000d8480000)
  to   space 5120K, 0% used [0x00000000da500000,0x00000000da500000,0x00000000daa00000)
 ParOldGen       total 87552K, used 111K [0x0000000081c00000, 0x0000000087180000, 0x00000000d5f00000)
  object space 87552K, 0% used [0x0000000081c00000,0x0000000081c1bd28,0x0000000087180000)
 Metaspace       used 17030K, capacity 17860K, committed 18048K, reserved 1064960K
  class space    used 2163K, capacity 2318K, committed 2432K, reserved 1048576K
Event: 2.904 GC heap after
Heap after GC invocations=4 (full 0):
 PSYoungGen      total 71680K, used 5090K [0x00000000d5f00000, 0x00000000daa00000, 0x0000000100000000)
  eden space 66560K, 0% used [0x00000000d5f00000,0x00000000d5f00000,0x00000000da000000)
  from space 5120K, 99% used [0x00000000da500000,0x00000000da9f88f8,0x00000000daa00000)
  to   space 5120K, 0% used [0x00000000da000000,0x00000000da000000,0x00000000da500000)
 ParOldGen       total 87552K, used 1291K [0x0000000081c00000, 0x0000000087180000, 0x00000000d5f00000)
  object space 87552K, 1% used [0x0000000081c00000,0x0000000081d42ea8,0x0000000087180000)
 Metaspace       used 17030K, capacity 17860K, committed 18048K, reserved 1064960K
  class space    used 2163K, capacity 2318K, committed 2432K, reserved 1048576K
}
Event: 3.189 GC heap before
{Heap before GC invocations=5 (full 0):
 PSYoungGen      total 71680K, used 36880K [0x00000000d5f00000, 0x00000000daa00000, 0x0000000100000000)
  eden space 66560K, 47% used [0x00000000d5f00000,0x00000000d7e0b890,0x00000000da000000)
  from space 5120K, 99% used [0x00000000da500000,0x00000000da9f88f8,0x00000000daa00000)
  to   space 5120K, 0% used [0x00000000da000000,0x00000000da000000,0x00000000da500000)
 ParOldGen       total 87552K, used 1291K [0x0000000081c00000, 0x0000000087180000, 0x00000000d5f00000)
  object space 87552K, 1% used [0x0000000081c00000,0x0000000081d42ea8,0x0000000087180000)
 Metaspace       used 20395K, capacity 21224K, committed 21296K, reserved 1069056K
  class space    used 2524K, capacity 2686K, committed 2688K, reserved 1048576K
Event: 3.198 GC heap after
Heap after GC invocations=5 (full 0):
 PSYoungGen      total 71680K, used 5112K [0x00000000d5f00000, 0x00000000df200000, 0x0000000100000000)
  eden space 66560K, 0% used [0x00000000d5f00000,0x00000000d5f00000,0x00000000da000000)
  from space 5120K, 99% used [0x00000000da000000,0x00000000da4fe050,0x00000000da500000)
  to   space 8704K, 0% used [0x00000000de980000,0x00000000de980000,0x00000000df200000)
 ParOldGen       total 87552K, used 4007K [0x0000000081c00000, 0x0000000087180000, 0x00000000d5f00000)
  object space 87552K, 4% used [0x0000000081c00000,0x0000000081fe9f68,0x0000000087180000)
 Metaspace       used 20395K, capacity 21224K, committed 21296K, reserved 1069056K
  class space    used 2524K, capacity 2686K, committed 2688K, reserved 1048576K
}
Event: 3.198 GC heap before
{Heap before GC invocations=6 (full 1):
 PSYoungGen      total 71680K, used 5112K [0x00000000d5f00000, 0x00000000df200000, 0x0000000100000000)
  eden space 66560K, 0% used [0x00000000d5f00000,0x00000000d5f00000,0x00000000da000000)
  from space 5120K, 99% used [0x00000000da000000,0x00000000da4fe050,0x00000000da500000)
  to   space 8704K, 0% used [0x00000000de980000,0x00000000de980000,0x00000000df200000)
 ParOldGen       total 87552K, used 4007K [0x0000000081c00000, 0x0000000087180000, 0x00000000d5f00000)
  object space 87552K, 4% used [0x0000000081c00000,0x0000000081fe9f68,0x0000000087180000)
 Metaspace       used 20395K, capacity 21224K, committed 21296K, reserved 1069056K
  class space    used 2524K, capacity 2686K, committed 2688K, reserved 1048576K
Event: 3.242 GC heap after
Heap after GC invocations=6 (full 1):
 PSYoungGen      total 71680K, used 0K [0x00000000d5f00000, 0x00000000df200000, 0x0000000100000000)
  eden space 66560K, 0% used [0x00000000d5f00000,0x00000000d5f00000,0x00000000da000000)
  from space 5120K, 0% used [0x00000000da000000,0x00000000da000000,0x00000000da500000)
  to   space 8704K, 0% used [0x00000000de980000,0x00000000de980000,0x00000000df200000)
 ParOldGen       total 56832K, used 7697K [0x0000000081c00000, 0x0000000085380000, 0x00000000d5f00000)
  object space 56832K, 13% used [0x0000000081c00000,0x00000000823846b0,0x0000000085380000)
 Metaspace       used 20395K, capacity 21224K, committed 21296K, reserved 1069056K
  class space    used 2524K, capacity 2686K, committed 2688K, reserved 1048576K
}
Event: 3.858 GC heap before
{Heap before GC invocations=7 (full 1):
 PSYoungGen      total 71680K, used 66560K [0x00000000d5f00000, 0x00000000df200000, 0x0000000100000000)
  eden space 66560K, 100% used [0x00000000d5f00000,0x00000000da000000,0x00000000da000000)
  from space 5120K, 0% used [0x00000000da000000,0x00000000da000000,0x00000000da500000)
  to   space 8704K, 0% used [0x00000000de980000,0x00000000de980000,0x00000000df200000)
 ParOldGen       total 56832K, used 7697K [0x0000000081c00000, 0x0000000085380000, 0x00000000d5f00000)
  object space 56832K, 13% used [0x0000000081c00000,0x00000000823846b0,0x0000000085380000)
 Metaspace       used 24798K, capacity 26032K, committed 26240K, reserved 1073152K
  class space    used 3135K, capacity 3396K, committed 3456K, reserved 1048576K
Event: 3.864 GC heap after
Heap after GC invocations=7 (full 1):
 PSYoungGen      total 112128K, used 7032K [0x00000000d5f00000, 0x00000000df080000, 0x0000000100000000)
  eden space 104960K, 0% used [0x00000000d5f00000,0x00000000d5f00000,0x00000000dc580000)
  from space 7168K, 98% used [0x00000000de980000,0x00000000df05e1a8,0x00000000df080000)
  to   space 9216K, 0% used [0x00000000dde80000,0x00000000dde80000,0x00000000de780000)
 ParOldGen       total 56832K, used 7705K [0x0000000081c00000, 0x0000000085380000, 0x00000000d5f00000)
  object space 56832K, 13% used [0x0000000081c00000,0x00000000823866b0,0x0000000085380000)
 Metaspace       used 24798K, capacity 26032K, committed 26240K, reserved 1073152K
  class space    used 3135K, capacity 3396K, committed 3456K, reserved 1048576K
}

Deoptimization events (10 events):
Event: 3.729 Thread 0x0000000002c26800 Uncommon trap: reason=array_check action=maybe_recompile pc=0x0000000003401178 method=java.util.AbstractCollection.toArray([Ljava/lang/Object;)[Ljava/lang/Object; @ 119
Event: 3.729 Thread 0x0000000002c26800 Uncommon trap: reason=array_check action=maybe_recompile pc=0x0000000003401178 method=java.util.AbstractCollection.toArray([Ljava/lang/Object;)[Ljava/lang/Object; @ 119
Event: 3.729 Thread 0x0000000002c26800 Uncommon trap: reason=array_check action=maybe_recompile pc=0x0000000003401178 method=java.util.AbstractCollection.toArray([Ljava/lang/Object;)[Ljava/lang/Object; @ 119
Event: 3.729 Thread 0x0000000002c26800 Uncommon trap: reason=array_check action=maybe_recompile pc=0x0000000003401178 method=java.util.AbstractCollection.toArray([Ljava/lang/Object;)[Ljava/lang/Object; @ 119
Event: 3.730 Thread 0x0000000002c26800 Uncommon trap: reason=unstable_if action=reinterpret pc=0x00000000033c96f0 method=org.springframework.boot.context.properties.source.ConfigurationPropertyName$ElementsParser.add(IILorg/springframework/boot/context/properties/source/ConfigurationPropertyNa
Event: 3.910 Thread 0x0000000002c26800 Uncommon trap: reason=class_check action=maybe_recompile pc=0x000000000309c074 method=java.util.HashMap.putVal(ILjava/lang/Object;Ljava/lang/Object;ZZ)Ljava/lang/Object; @ 203
Event: 3.962 Thread 0x0000000002c26800 Uncommon trap: reason=unstable_if action=reinterpret pc=0x000000000349f884 method=org.springframework.core.annotation.MergedAnnotationsCollection.isMappingForType(Lorg/springframework/core/annotation/AnnotationTypeMapping;Ljava/lang/Object;)Z @ 13
Event: 4.065 Thread 0x0000000002c26800 Uncommon trap: reason=unstable_if action=reinterpret pc=0x000000000332af0c method=java.util.Arrays.equals([Ljava/lang/Object;[Ljava/lang/Object;)Z @ 65
Event: 4.224 Thread 0x0000000002c26800 Uncommon trap: reason=unstable_if action=reinterpret pc=0x0000000003546804 method=org.springframework.beans.factory.support.AbstractBeanFactory.getMergedLocalBeanDefinition(Ljava/lang/String;)Lorg/springframework/beans/factory/support/RootBeanDefinition; 
Event: 4.224 Thread 0x0000000002c26800 Uncommon trap: reason=unstable_if action=reinterpret pc=0x00000000035592cc method=org.springframework.beans.factory.support.DefaultSingletonBeanRegistry.getSingleton(Ljava/lang/String;Z)Ljava/lang/Object; @ 20

Internal exceptions (10 events):
Event: 3.342 Thread 0x0000000002c26800 Exception <a 'java/lang/ClassNotFoundException': org/springframework/beans/factory/BeanClassLoaderAwareCustomizer> (0x00000000d6df0220) thrown at [C:\re\workspace\8-2-build-windows-amd64-cygwin\jdk8u131\8869\hotspot\src\share\vm\classfile\systemDictionary
Event: 3.343 Thread 0x0000000002c26800 Exception <a 'java/lang/ClassNotFoundException': org/springframework/beans/factory/AwareCustomizer> (0x00000000d6e0efb8) thrown at [C:\re\workspace\8-2-build-windows-amd64-cygwin\jdk8u131\8869\hotspot\src\share\vm\classfile\systemDictionary.cpp, line 210]
Event: 3.344 Thread 0x0000000002c26800 Exception <a 'java/lang/ClassNotFoundException': org/springframework/context/EnvironmentAwareCustomizer> (0x00000000d6e2e788) thrown at [C:\re\workspace\8-2-build-windows-amd64-cygwin\jdk8u131\8869\hotspot\src\share\vm\classfile\systemDictionary.cpp, line
Event: 3.345 Thread 0x0000000002c26800 Exception <a 'java/lang/ClassNotFoundException': org/springframework/beans/factory/AwareCustomizer> (0x00000000d6e4d400) thrown at [C:\re\workspace\8-2-build-windows-amd64-cygwin\jdk8u131\8869\hotspot\src\share\vm\classfile\systemDictionary.cpp, line 210]
Event: 3.449 Thread 0x000000001c54b000 Exception <a 'java/lang/IncompatibleClassChangeError': Found class java.lang.Object, but interface was expected> (0x00000000d78fa860) thrown at [C:\re\workspace\8-2-build-windows-amd64-cygwin\jdk8u131\8869\hotspot\src\share\vm\interpreter\linkResolver.cpp
Event: 3.484 Thread 0x0000000002c26800 Exception <a 'java/lang/NoSuchMethodError': java.lang.Object.lambda$or$2(Ljava/util/function/Predicate;Ljava/lang/Object;)Z> (0x00000000d7bd6458) thrown at [C:\re\workspace\8-2-build-windows-amd64-cygwin\jdk8u131\8869\hotspot\src\share\vm\interpreter\link
Event: 3.601 Thread 0x0000000002c26800 Exception <a 'java/lang/IncompatibleClassChangeError': Found class java.lang.Object, but interface was expected> (0x00000000d8badb88) thrown at [C:\re\workspace\8-2-build-windows-amd64-cygwin\jdk8u131\8869\hotspot\src\share\vm\interpreter\linkResolver.cpp
Event: 3.632 Thread 0x0000000002c26800 Exception <a 'java/lang/NoSuchMethodError': java.lang.Object.lambda$getAllAnnotationAttributes$0(Lorg/springframework/util/MultiValueMap;)Lorg/springframework/util/MultiValueMap;> (0x00000000d8de15a8) thrown at [C:\re\workspace\8-2-build-windows-amd64-cyg
Event: 3.633 Thread 0x0000000002c26800 Exception <a 'java/lang/NoSuchMethodError': java.lang.Object.lambda$identity$2(Ljava/lang/Object;)Ljava/lang/Object;> (0x00000000d8de5148) thrown at [C:\re\workspace\8-2-build-windows-amd64-cygwin\jdk8u131\8869\hotspot\src\share\vm\interpreter\linkResolve
Event: 4.204 Thread 0x0000000002c26800 Exception <a 'java/lang/NoSuchMethodError': java.lang.Object.lambda$getRequiredAttribute$0(Ljava/lang/String;)Ljava/lang/IllegalArgumentException;> (0x00000000d7f81880) thrown at [C:\re\workspace\8-2-build-windows-amd64-cygwin\jdk8u131\8869\hotspot\src\sh

Events (10 events):
Event: 4.283 loading class org/springframework/boot/autoconfigure/info/ProjectInfoAutoConfiguration$GitResourceAvailableCondition
Event: 4.283 loading class org/springframework/boot/autoconfigure/info/ProjectInfoAutoConfiguration$GitResourceAvailableCondition done
Event: 4.287 loading class org/springframework/boot/autoconfigure/info/ProjectInfoAutoConfiguration
Event: 4.287 loading class org/springframework/boot/autoconfigure/info/ProjectInfoAutoConfiguration done
Event: 4.289 loading class org/springframework/boot/autoconfigure/jdbc/JdbcTemplateConfiguration
Event: 4.289 loading class org/springframework/boot/autoconfigure/jdbc/JdbcTemplateConfiguration done
Event: 4.290 loading class org/springframework/boot/autoconfigure/jdbc/JdbcProperties
Event: 4.290 loading class org/springframework/boot/autoconfigure/jdbc/JdbcProperties done
Event: 4.290 loading class org/springframework/jdbc/core/namedparam/NamedParameterJdbcOperations
Event: 4.291 loading class org/springframework/jdbc/core/namedparam/NamedParameterJdbcOperations done


Dynamic libraries:
0x00007ff7f4900000 - 0x00007ff7f4937000 	D:\dev\Java\jdk1.8.0_131\bin\java.exe
0x00007ff9ce160000 - 0x00007ff9ce350000 	C:\WINDOWS\SYSTEM32\ntdll.dll
0x00007ff9cc210000 - 0x00007ff9cc2c2000 	C:\WINDOWS\System32\KERNEL32.DLL
0x00007ff9cb980000 - 0x00007ff9cbc25000 	C:\WINDOWS\System32\KERNELBASE.dll
0x00007ff9ccc90000 - 0x00007ff9ccd33000 	C:\WINDOWS\System32\ADVAPI32.dll
0x00007ff9ce010000 - 0x00007ff9ce0ae000 	C:\WINDOWS\System32\msvcrt.dll
0x00007ff9ccd40000 - 0x00007ff9ccdd7000 	C:\WINDOWS\System32\sechost.dll
0x00007ff9cdc00000 - 0x00007ff9cdd1f000 	C:\WINDOWS\System32\RPCRT4.dll
0x00007ff9cd060000 - 0x00007ff9cd1f4000 	C:\WINDOWS\System32\USER32.dll
0x00007ff9cc140000 - 0x00007ff9cc161000 	C:\WINDOWS\System32\win32u.dll
0x00007ff9cd5e0000 - 0x00007ff9cd606000 	C:\WINDOWS\System32\GDI32.dll
0x00007ff9cbe90000 - 0x00007ff9cc028000 	C:\WINDOWS\System32\gdi32full.dll
0x00007ff9cc170000 - 0x00007ff9cc20e000 	C:\WINDOWS\System32\msvcp_win.dll
0x00007ff9cbc30000 - 0x00007ff9cbd2a000 	C:\WINDOWS\System32\ucrtbase.dll
0x00007ff9bcc20000 - 0x00007ff9bcea4000 	C:\WINDOWS\WinSxS\amd64_microsoft.windows.common-controls_6595b64144ccf1df_6.0.18362.1556_none_9e7e372fe45e41d5\COMCTL32.dll
0x00007ff9cd2a0000 - 0x00007ff9cd5d6000 	C:\WINDOWS\System32\combase.dll
0x00007ff9cb120000 - 0x00007ff9cb1a1000 	C:\WINDOWS\System32\bcryptPrimitives.dll
0x00007ff9cd270000 - 0x00007ff9cd29e000 	C:\WINDOWS\System32\IMM32.DLL
0x0000000064790000 - 0x0000000064862000 	D:\dev\Java\jdk1.8.0_131\jre\bin\msvcr100.dll
0x0000000063ef0000 - 0x000000006478c000 	D:\dev\Java\jdk1.8.0_131\jre\bin\server\jvm.dll
0x00007ff9cd610000 - 0x00007ff9cd618000 	C:\WINDOWS\System32\PSAPI.DLL
0x00007ff9c8c00000 - 0x00007ff9c8c24000 	C:\WINDOWS\SYSTEM32\WINMM.dll
0x00007ff9be990000 - 0x00007ff9be999000 	C:\WINDOWS\SYSTEM32\WSOCK32.dll
0x00007ff9cd200000 - 0x00007ff9cd26f000 	C:\WINDOWS\System32\WS2_32.dll
0x00007ff9cabf0000 - 0x00007ff9cabfa000 	C:\WINDOWS\SYSTEM32\VERSION.dll
0x00007ff9c8820000 - 0x00007ff9c884d000 	C:\WINDOWS\SYSTEM32\WINMMBASE.dll
0x00007ff9cb0d0000 - 0x00007ff9cb11a000 	C:\WINDOWS\System32\cfgmgr32.dll
0x0000000064db0000 - 0x0000000064dbf000 	D:\dev\Java\jdk1.8.0_131\jre\bin\verify.dll
0x0000000064d80000 - 0x0000000064da9000 	D:\dev\Java\jdk1.8.0_131\jre\bin\java.dll
0x0000000063e90000 - 0x0000000063ec5000 	D:\dev\Java\jdk1.8.0_131\jre\bin\jdwp.dll
0x0000000063e80000 - 0x0000000063e88000 	D:\dev\Java\jdk1.8.0_131\jre\bin\npt.dll
0x0000000063e50000 - 0x0000000063e73000 	D:\dev\Java\jdk1.8.0_131\jre\bin\instrument.dll
0x0000000063ed0000 - 0x0000000063ee6000 	D:\dev\Java\jdk1.8.0_131\jre\bin\zip.dll
0x00007ff9cc5a0000 - 0x00007ff9ccc87000 	C:\WINDOWS\System32\SHELL32.dll
0x00007ff9cdf60000 - 0x00007ff9ce008000 	C:\WINDOWS\System32\shcore.dll
0x00007ff9cb1b0000 - 0x00007ff9cb92b000 	C:\WINDOWS\System32\windows.storage.dll
0x00007ff9cb0b0000 - 0x00007ff9cb0ce000 	C:\WINDOWS\System32\profapi.dll
0x00007ff9cb020000 - 0x00007ff9cb06a000 	C:\WINDOWS\System32\powrprof.dll
0x00007ff9cb010000 - 0x00007ff9cb020000 	C:\WINDOWS\System32\UMPDC.dll
0x00007ff9cd000000 - 0x00007ff9cd052000 	C:\WINDOWS\System32\shlwapi.dll
0x00007ff9cb070000 - 0x00007ff9cb081000 	C:\WINDOWS\System32\kernel.appcore.dll
0x00007ff9cb930000 - 0x00007ff9cb947000 	C:\WINDOWS\System32\cryptsp.dll
0x0000000063e40000 - 0x0000000063e4b000 	D:\dev\Java\jdk1.8.0_131\jre\bin\dt_shmem.dll
0x0000000063e20000 - 0x0000000063e3a000 	D:\dev\Java\jdk1.8.0_131\jre\bin\net.dll
0x00007ff9ca7e0000 - 0x00007ff9ca847000 	C:\WINDOWS\system32\mswsock.dll
0x0000000063e00000 - 0x0000000063e11000 	D:\dev\Java\jdk1.8.0_131\jre\bin\nio.dll
0x0000000063df0000 - 0x0000000063dfd000 	D:\dev\Java\jdk1.8.0_131\jre\bin\management.dll
0x00007ff9ad270000 - 0x00007ff9ad286000 	C:\WINDOWS\system32\napinsp.dll
0x00007ff9ad250000 - 0x00007ff9ad26a000 	C:\WINDOWS\system32\pnrpnsp.dll
0x00007ff9ca530000 - 0x00007ff9ca5fb000 	C:\WINDOWS\SYSTEM32\DNSAPI.dll
0x00007ff9ce0b0000 - 0x00007ff9ce0b8000 	C:\WINDOWS\System32\NSI.dll
0x00007ff9ca4f0000 - 0x00007ff9ca52a000 	C:\WINDOWS\SYSTEM32\IPHLPAPI.DLL
0x00007ff9ad1f0000 - 0x00007ff9ad1fe000 	C:\WINDOWS\System32\winrnr.dll
0x00007ff9c7520000 - 0x00007ff9c753c000 	C:\WINDOWS\system32\NLAapi.dll
0x00007ff9c61d0000 - 0x00007ff9c61e5000 	C:\WINDOWS\system32\wshbth.dll
0x00007ff9be9b0000 - 0x00007ff9be9ba000 	C:\Windows\System32\rasadhlp.dll
0x00007ff9be900000 - 0x00007ff9be977000 	C:\WINDOWS\System32\fwpuclnt.dll
0x00007ff9cb950000 - 0x00007ff9cb976000 	C:\WINDOWS\System32\bcrypt.dll

VM Arguments:
jvm_args: -agentlib:jdwp=transport=dt_shmem,address=javadebug,suspend=y,server=n -ea -Didea.test.cyclic.buffer.size=1048576 -javaagent:C:\Users\flydr\.IntelliJIdea2019.3\system\captureAgent\debugger-agent.jar -Dfile.encoding=UTF-8 
java_command: com.intellij.rt.junit.JUnitStarter -ideVersion5 -junit4 com.demo.myspringboot.scheduled.ScheduledTest,test_001
java_class_path (initial): D:\dev\IntelliJ IDEA 2019.3.1\lib\idea_rt.jar;D:\dev\IntelliJ IDEA 2019.3.1\plugins\junit\lib\junit5-rt.jar;D:\dev\IntelliJ IDEA 2019.3.1\plugins\junit\lib\junit-rt.jar;D:\dev\Java\jdk1.8.0_131\jre\lib\charsets.jar;D:\dev\Java\jdk1.8.0_131\jre\lib\deploy.jar;D:\dev\Java\jdk1.8.0_131\jre\lib\ext\access-bridge-64.jar;D:\dev\Java\jdk1.8.0_131\jre\lib\ext\cldrdata.jar;D:\dev\Java\jdk1.8.0_131\jre\lib\ext\dnsns.jar;D:\dev\Java\jdk1.8.0_131\jre\lib\ext\jaccess.jar;D:\dev\Java\jdk1.8.0_131\jre\lib\ext\jfxrt.jar;D:\dev\Java\jdk1.8.0_131\jre\lib\ext\localedata.jar;D:\dev\Java\jdk1.8.0_131\jre\lib\ext\nashorn.jar;D:\dev\Java\jdk1.8.0_131\jre\lib\ext\sunec.jar;D:\dev\Java\jdk1.8.0_131\jre\lib\ext\sunjce_provider.jar;D:\dev\Java\jdk1.8.0_131\jre\lib\ext\sunmscapi.jar;D:\dev\Java\jdk1.8.0_131\jre\lib\ext\sunpkcs11.jar;D:\dev\Java\jdk1.8.0_131\jre\lib\ext\zipfs.jar;D:\dev\Java\jdk1.8.0_131\jre\lib\javaws.jar;D:\dev\Java\jdk1.8.0_131\jre\lib\jce.jar;D:\dev\Java\jdk1.8.0_131\jre\lib\jfr.jar;D:\dev\Java\jdk1.8.0_131\jre\lib\jfxswt.jar;D:\dev\Java\jdk1.8.0_131\jre\lib\jsse.jar;D:\dev\Java\jdk1.8.0_131\jre\lib\management-agent.jar;D:\dev\Java\jdk1.8.0_131\jre\lib\plugin.jar;D:\dev\Java\jdk1.8.0_131\jre\lib\resources.jar;D:\dev\Java\jdk1.8.0_131\jre\lib\rt.jar;D:\IdeaProjects\myspringbootdemo\core\target\test-classes;D:\IdeaProjects\myspringbootdemo\core\target\classes;D:\IdeaProjects\myspringbootdemo\component\target\classes;D:\dev\Repository\com\baomidou\mybatis-plus-boot-starter\3.4.2\mybatis-plus-boot-starter-3.4.2.jar;D:\dev\Repository\com\baomidou\mybatis-plus\3.4.2\mybatis-plus-3.4.2.jar;D:\dev\Repository\com\baomidou\mybatis-plus-extension\3.4.2\mybatis-plus-extension-3.4.2.jar;D:\dev\Repository\com\baomidou\mybatis-plus-core\3.4.2\mybatis-plus-core-3.4.2.jar;D:\dev\Repository\com\baomidou\mybatis-plus-annotation\3.4.2\mybatis-plus-annotation-3.4.2.jar;D:\dev\Repository\com\github\jsqlparser\jsqlparser\4.0\jsqlparser-4.0.jar;D:\dev\Repository\org\my
Launcher Type: SUN_STANDARD

Environment Variables:
JAVA_HOME=D:\dev\Java\jdk1.8.0_131
PATH=C:\Program Files (x86)\Common Files\Oracle\Java\javapath;C:\ProgramData\Oracle\Java\javapath;D:\app\xiaolu\product\11.2.0\dbhome_1\bin;C:\Program Files (x86)\Intel\iCLS Client\;C:\Program Files\Intel\iCLS Client\;C:\Windows\system32;C:\Windows;C:\Windows\System32\Wbem;C:\Windows\System32\WindowsPowerShell\v1.0\;C:\Program Files (x86)\Intel\Intel(R) Management Engine Components\DAL;C:\Program Files\Intel\Intel(R) Management Engine Components\DAL;C:\Program Files (x86)\Intel\Intel(R) Management Engine Components\IPT;C:\Program Files\Intel\Intel(R) Management Engine Components\IPT;C:\Program Files (x86)\NVIDIA Corporation\PhysX\Common;C:\WINDOWS\system32;C:\WINDOWS;C:\WINDOWS\System32\Wbem;C:\WINDOWS\System32\WindowsPowerShell\v1.0\;D:\MySQL\mysql-5.7.29-winx64\bin;D:\dev\nginx-1.14.0;C:\WINDOWS\System32\OpenSSH\;D:\dev\Java\jdk1.8.0_131\bin;D:\dev\apache-maven-3.3.9\bin;C:\Program Files\Intel\WiFi\bin\;C:\Program Files\Common Files\Intel\WirelessCommon\;C:\Program Files\NVIDIA Corporation\NVIDIA NvDLISR;D:\Git\cmd;D:\TortoiseGit\bin;D:\dev\gradle-6.4.1\bin;C:\Users\flydr\AppData\Local\Microsoft\WindowsApps
USERNAME=xiaolu
OS=Windows_NT
PROCESSOR_IDENTIFIER=Intel64 Family 6 Model 142 Stepping 10, GenuineIntel



---------------  S Y S T E M  ---------------

OS: Windows 10.0 , 64 bit Build 18362 (10.0.18362.1500)

CPU:total 8 (initial active 8) (4 cores per cpu, 2 threads per core) family 6 model 142 stepping 10, cmov, cx8, fxsr, mmx, sse, sse2, sse3, ssse3, sse4.1, sse4.2, popcnt, avx, avx2, aes, clmul, erms, 3dnowpref, lzcnt, ht, tsc, tscinvbit, bmi1, bmi2, adx

Memory: 4k page, physical 8269924k(1571884k free), swap 14880784k(5584k free)

vm_info: Java HotSpot(TM) 64-Bit Server VM (25.131-b11) for windows-amd64 JRE (1.8.0_131-b11), built on Mar 15 2017 01:23:53 by "java_re" with MS VC++ 10.0 (VS2010)

time: Tue Jun 01 13:56:01 2021
elapsed time: 4 seconds (0d 0h 0m 4s)

