#
# There is insufficient memory for the Java Runtime Environment to continue.
# Native memory allocation (malloc) failed to allocate 1001136 bytes for Chunk::new
# Possible reasons:
#   The system is out of physical RAM or swap space
#   In 32 bit mode, the process size limit was hit
# Possible solutions:
#   Reduce memory load on the system
#   Increase physical memory or swap space
#   Check if swap backing store is full
#   Use 64 bit Java on a 64 bit OS
#   Decrease Java heap size (-Xmx/-Xms)
#   Decrease number of Java threads
#   Decrease Java thread stack sizes (-Xss)
#   Set larger code cache with -XX:ReservedCodeCacheSize=
# This output file may be truncated or incomplete.
#
#  Out of Memory Error (allocation.cpp:390), pid=15816, tid=0x0000000000000404
#
# JRE version: Java(TM) SE Runtime Environment (8.0_131-b11) (build 1.8.0_131-b11)
# Java VM: Java HotSpot(TM) 64-Bit Server VM (25.131-b11 mixed mode windows-amd64 compressed oops)
# Failed to write core dump. Minidumps are not enabled by default on client versions of Windows
#

---------------  T H R E A D  ---------------

Current thread (0x000000001b037000):  JavaThread "C2 CompilerThread1" daemon [_thread_in_native, id=1028, stack(0x000000001b7c0000,0x000000001b8c0000)]

Stack: [0x000000001b7c0000,0x000000001b8c0000]
[error occurred during error reporting (printing stack bounds), id 0xc0000005]

Native frames: (J=compiled Java code, j=interpreted, Vv=VM code, C=native code)


Current CompileTask:
C2:   2503 1088       4       java.net.URLStreamHandler::parseURL (1193 bytes)


---------------  P R O C E S S  ---------------

Java Threads: ( => current thread )
  0x000000001b0c1000 JavaThread "Service Thread" daemon [_thread_blocked, id=12372, stack(0x000000001bac0000,0x000000001bbc0000)]
  0x000000001b038800 JavaThread "C1 CompilerThread3" daemon [_thread_blocked, id=15048, stack(0x000000001b9c0000,0x000000001bac0000)]
  0x000000001b038000 JavaThread "C2 CompilerThread2" daemon [_thread_in_native, id=8920, stack(0x000000001b8c0000,0x000000001b9c0000)]
=>0x000000001b037000 JavaThread "C2 CompilerThread1" daemon [_thread_in_native, id=1028, stack(0x000000001b7c0000,0x000000001b8c0000)]
  0x000000001b032800 JavaThread "C2 CompilerThread0" daemon [_thread_in_native, id=1288, stack(0x000000001b6c0000,0x000000001b7c0000)]
  0x000000001a50d000 JavaThread "JDWP Command Reader" daemon [_thread_in_native, id=13632, stack(0x000000001adc0000,0x000000001aec0000)]
  0x000000001a50a000 JavaThread "JDWP Event Helper Thread" daemon [_thread_blocked, id=3988, stack(0x000000001acc0000,0x000000001adc0000)]
  0x000000001a506800 JavaThread "JDWP Transport Listener: dt_shmem" daemon [_thread_blocked, id=8660, stack(0x000000001abc0000,0x000000001acc0000)]
  0x000000001a49d800 JavaThread "Attach Listener" daemon [_thread_blocked, id=17008, stack(0x000000001aac0000,0x000000001abc0000)]
  0x000000001a4f9800 JavaThread "Signal Dispatcher" daemon [_thread_blocked, id=18660, stack(0x000000001a9c0000,0x000000001aac0000)]
  0x00000000035fe800 JavaThread "Finalizer" daemon [_thread_blocked, id=16076, stack(0x000000001a860000,0x000000001a960000)]
  0x00000000035fd000 JavaThread "Reference Handler" daemon [_thread_blocked, id=11580, stack(0x000000001a360000,0x000000001a460000)]
  0x0000000003506800 JavaThread "main" [_thread_in_Java, id=19284, stack(0x0000000003300000,0x0000000003400000)]

Other Threads:
  0x0000000018579800 VMThread [stack: 0x000000001a260000,0x000000001a360000] [id=18104]
  0x000000001b176000 WatcherThread [stack: 0x000000001bbc0000,0x000000001bcc0000] [id=18264]

VM state:not at safepoint (normal execution)

VM Mutex/Monitor currently owned by a thread: None

Heap:
 PSYoungGen      total 38400K, used 26904K [0x00000000d5f00000, 0x00000000d8980000, 0x0000000100000000)
  eden space 33280K, 67% used [0x00000000d5f00000,0x00000000d74ddf18,0x00000000d7f80000)
  from space 5120K, 88% used [0x00000000d8480000,0x00000000d88e8188,0x00000000d8980000)
  to   space 5120K, 0% used [0x00000000d7f80000,0x00000000d7f80000,0x00000000d8480000)
 ParOldGen       total 87552K, used 16K [0x0000000081c00000, 0x0000000087180000, 0x00000000d5f00000)
  object space 87552K, 0% used [0x0000000081c00000,0x0000000081c04000,0x0000000087180000)
 Metaspace       used 12672K, capacity 13144K, committed 13184K, reserved 1060864K
  class space    used 1522K, capacity 1664K, committed 1664K, reserved 1048576K

Card table byte_map: [0x00000000129c0000,0x0000000012dc0000] byte_map_base: 0x00000000125b2000

Marking Bits: (ParMarkBitMap*) 0x000000005112c720
 Begin Bits: [0x0000000013870000, 0x0000000015800000)
 End Bits:   [0x0000000015800000, 0x0000000017790000)

Polling page: 0x0000000001160000

CodeCache: size=245760Kb used=3993Kb max_used=3993Kb free=241766Kb
 bounds [0x0000000003600000, 0x00000000039f0000, 0x0000000012600000]
 total_blobs=1448 nmethods=1109 adapters=260
 compilation: enabled

Compilation events (10 events):
Event: 2.471 Thread 0x000000001b038800 1106       3       java.lang.invoke.MethodHandles$Lookup::checkSymbolicClass (42 bytes)
Event: 2.472 Thread 0x000000001b038800 nmethod 1106 0x00000000039e3c50 code [0x00000000039e3e80, 0x00000000039e4958]
Event: 2.484 Thread 0x000000001b038800 1107       3       java.lang.invoke.LambdaForm$BMH/1150284200::reinvoke (25 bytes)
Event: 2.484 Thread 0x000000001b038800 nmethod 1107 0x00000000039e4ed0 code [0x00000000039e5060, 0x00000000039e5658]
Event: 2.484 Thread 0x000000001b038800 1108       3       java.lang.invoke.MethodHandleImpl::castReference (20 bytes)
Event: 2.484 Thread 0x000000001b038800 nmethod 1108 0x00000000039e5790 code [0x00000000039e5900, 0x00000000039e5bc8]
Event: 2.484 Thread 0x000000001b038800 1109       3       jdk.internal.org.objectweb.asm.MethodWriter::visitCode (1 bytes)
Event: 2.485 Thread 0x000000001b038800 nmethod 1109 0x00000000039e5cd0 code [0x00000000039e5e20, 0x00000000039e5f70]
Event: 2.497 Thread 0x000000001b038800 1110       3       org.springframework.core.annotation.AnnotationsScanner::hasPlainJavaAnnotationsOnly (37 bytes)
Event: 2.498 Thread 0x000000001b038800 nmethod 1110 0x00000000039e5fd0 code [0x00000000039e61e0, 0x00000000039e70c8]

GC Heap History (4 events):
Event: 1.493 GC heap before
{Heap before GC invocations=1 (full 0):
 PSYoungGen      total 38400K, used 33280K [0x00000000d5f00000, 0x00000000d8980000, 0x0000000100000000)
  eden space 33280K, 100% used [0x00000000d5f00000,0x00000000d7f80000,0x00000000d7f80000)
  from space 5120K, 0% used [0x00000000d8480000,0x00000000d8480000,0x00000000d8980000)
  to   space 5120K, 0% used [0x00000000d7f80000,0x00000000d7f80000,0x00000000d8480000)
 ParOldGen       total 87552K, used 0K [0x0000000081c00000, 0x0000000087180000, 0x00000000d5f00000)
  object space 87552K, 0% used [0x0000000081c00000,0x0000000081c00000,0x0000000087180000)
 Metaspace       used 7671K, capacity 7868K, committed 7936K, reserved 1056768K
  class space    used 881K, capacity 970K, committed 1024K, reserved 1048576K
Event: 1.498 GC heap after
Heap after GC invocations=1 (full 0):
 PSYoungGen      total 38400K, used 3739K [0x00000000d5f00000, 0x00000000d8980000, 0x0000000100000000)
  eden space 33280K, 0% used [0x00000000d5f00000,0x00000000d5f00000,0x00000000d7f80000)
  from space 5120K, 73% used [0x00000000d7f80000,0x00000000d8326fc8,0x00000000d8480000)
  to   space 5120K, 0% used [0x00000000d8480000,0x00000000d8480000,0x00000000d8980000)
 ParOldGen       total 87552K, used 8K [0x0000000081c00000, 0x0000000087180000, 0x00000000d5f00000)
  object space 87552K, 0% used [0x0000000081c00000,0x0000000081c02000,0x0000000087180000)
 Metaspace       used 7671K, capacity 7868K, committed 7936K, reserved 1056768K
  class space    used 881K, capacity 970K, committed 1024K, reserved 1048576K
}
Event: 2.091 GC heap before
{Heap before GC invocations=2 (full 0):
 PSYoungGen      total 38400K, used 37019K [0x00000000d5f00000, 0x00000000d8980000, 0x0000000100000000)
  eden space 33280K, 100% used [0x00000000d5f00000,0x00000000d7f80000,0x00000000d7f80000)
  from space 5120K, 73% used [0x00000000d7f80000,0x00000000d8326fc8,0x00000000d8480000)
  to   space 5120K, 0% used [0x00000000d8480000,0x00000000d8480000,0x00000000d8980000)
 ParOldGen       total 87552K, used 8K [0x0000000081c00000, 0x0000000087180000, 0x00000000d5f00000)
  object space 87552K, 0% used [0x0000000081c00000,0x0000000081c02000,0x0000000087180000)
 Metaspace       used 10633K, capacity 11030K, committed 11136K, reserved 1058816K
  class space    used 1268K, capacity 1381K, committed 1408K, reserved 1048576K
Event: 2.096 GC heap after
Heap after GC invocations=2 (full 0):
 PSYoungGen      total 38400K, used 4512K [0x00000000d5f00000, 0x00000000d8980000, 0x0000000100000000)
  eden space 33280K, 0% used [0x00000000d5f00000,0x00000000d5f00000,0x00000000d7f80000)
  from space 5120K, 88% used [0x00000000d8480000,0x00000000d88e8188,0x00000000d8980000)
  to   space 5120K, 0% used [0x00000000d7f80000,0x00000000d7f80000,0x00000000d8480000)
 ParOldGen       total 87552K, used 16K [0x0000000081c00000, 0x0000000087180000, 0x00000000d5f00000)
  object space 87552K, 0% used [0x0000000081c00000,0x0000000081c04000,0x0000000087180000)
 Metaspace       used 10633K, capacity 11030K, committed 11136K, reserved 1058816K
  class space    used 1268K, capacity 1381K, committed 1408K, reserved 1048576K
}

Deoptimization events (9 events):
Event: 1.136 Thread 0x0000000003506800 Uncommon trap: reason=unstable_if action=reinterpret pc=0x00000000037e20f4 method=java.lang.String.lastIndexOf([CII[CIII)I @ 17
Event: 1.186 Thread 0x0000000003506800 Uncommon trap: reason=unstable_if action=reinterpret pc=0x00000000037a579c method=sun.misc.MetaIndex.mayContain(Ljava/lang/String;)Z @ 38
Event: 1.519 Thread 0x0000000003506800 Uncommon trap: reason=class_check action=maybe_recompile pc=0x00000000037eede4 method=java.lang.String.equals(Ljava/lang/Object;)Z @ 8
Event: 1.532 Thread 0x0000000003506800 Uncommon trap: reason=class_check action=maybe_recompile pc=0x00000000037eede4 method=java.lang.String.equals(Ljava/lang/Object;)Z @ 8
Event: 1.538 Thread 0x0000000003506800 Uncommon trap: reason=class_check action=maybe_recompile pc=0x00000000037eede4 method=java.lang.String.equals(Ljava/lang/Object;)Z @ 8
Event: 1.538 Thread 0x0000000003506800 Uncommon trap: reason=class_check action=maybe_recompile pc=0x00000000037eede4 method=java.lang.String.equals(Ljava/lang/Object;)Z @ 8
Event: 1.814 Thread 0x0000000003506800 Uncommon trap: reason=unstable_if action=reinterpret pc=0x000000000388f8f0 method=java.io.WinNTFileSystem.normalize(Ljava/lang/String;)Ljava/lang/String; @ 128
Event: 1.987 Thread 0x0000000003506800 Uncommon trap: reason=unstable_if action=reinterpret pc=0x0000000003958ce0 method=sun.misc.URLClassPath$FileLoader.getResource(Ljava/lang/String;Z)Lsun/misc/Resource; @ 139
Event: 2.043 Thread 0x0000000003506800 Uncommon trap: reason=range_check action=make_not_entrant pc=0x00000000038a4ccc method=sun.reflect.generics.parser.SignatureParser.current()C @ 34

Internal exceptions (10 events):
Event: 1.297 Thread 0x0000000003506800 Exception <a 'java/lang/NoSuchFieldError': method resolution failed> (0x00000000d75ce570) thrown at [C:\re\workspace\8-2-build-windows-amd64-cygwin\jdk8u131\8869\hotspot\src\share\vm\prims\methodHandles.cpp, line 1146]
Event: 1.426 Thread 0x0000000003506800 Exception <a 'java/lang/NoSuchMethodError': org.slf4j.impl.StaticMDCBinder.getSingleton()Lorg/slf4j/impl/StaticMDCBinder;> (0x00000000d7afded8) thrown at [C:\re\workspace\8-2-build-windows-amd64-cygwin\jdk8u131\8869\hotspot\src\share\vm\interpreter\linkRe
Event: 1.629 Thread 0x0000000003506800 Exception <a 'java/lang/NoSuchMethodError': java.lang.Object.lambda$andThen$1(Ljava/util/function/Function;Ljava/lang/Object;)Ljava/lang/Object;> (0x00000000d678fe78) thrown at [C:\re\workspace\8-2-build-windows-amd64-cygwin\jdk8u131\8869\hotspot\src\shar
Event: 1.732 Thread 0x0000000003506800 Exception <a 'java/lang/NoSuchMethodError': java.lang.Object.lambda$comparingInt$7b0bb60$1(Ljava/util/function/ToIntFunction;Ljava/lang/Object;Ljava/lang/Object;)I> (0x00000000d6c9e888) thrown at [C:\re\workspace\8-2-build-windows-amd64-cygwin\jdk8u131\88
Event: 1.817 Thread 0x0000000003506800 Exception <a 'java/lang/NoSuchMethodError': java.lang.Object.lambda$comparing$77a9974f$1(Ljava/util/function/Function;Ljava/lang/Object;Ljava/lang/Object;)I> (0x00000000d70805f8) thrown at [C:\re\workspace\8-2-build-windows-amd64-cygwin\jdk8u131\8869\hots
Event: 2.024 Thread 0x0000000003506800 Exception <a 'java/lang/NoSuchMethodError': java.lang.Object.lambda$static$0(Ljava/lang/Object;)Ljava/lang/Object;> (0x00000000d792d018) thrown at [C:\re\workspace\8-2-build-windows-amd64-cygwin\jdk8u131\8869\hotspot\src\share\vm\interpreter\linkResolver.
Event: 2.043 Thread 0x0000000003506800 Exception <a 'java/lang/ArrayIndexOutOfBoundsException': 18> (0x00000000d7ac0778) thrown at [C:\re\workspace\8-2-build-windows-amd64-cygwin\jdk8u131\8869\hotspot\src\share\vm\interpreter\interpreterRuntime.cpp, line 366]
Event: 2.043 Thread 0x0000000003506800 Exception <a 'java/lang/ArrayIndexOutOfBoundsException': 182> (0x00000000d7ac3528) thrown at [C:\re\workspace\8-2-build-windows-amd64-cygwin\jdk8u131\8869\hotspot\src\share\vm\interpreter\interpreterRuntime.cpp, line 366]
Event: 2.044 Thread 0x0000000003506800 Exception <a 'java/lang/ArrayIndexOutOfBoundsException': 60> (0x00000000d7ac67e0) thrown at [C:\re\workspace\8-2-build-windows-amd64-cygwin\jdk8u131\8869\hotspot\src\share\vm\interpreter\interpreterRuntime.cpp, line 366]
Event: 2.396 Thread 0x0000000003506800 Exception <a 'java/lang/NoSuchMethodError': java.lang.Object.lambda$static$0(Lorg/springframework/boot/WebApplicationType;)Lorg/springframework/context/ConfigurableApplicationContext;> (0x00000000d7013f78) thrown at [C:\re\workspace\8-2-build-windows-amd6

Events (10 events):
Event: 2.497 Thread 0x0000000003506800 DEOPT PACKING pc=0x00000000037817d4 sp=0x00000000033fcb20
Event: 2.497 Thread 0x0000000003506800 DEOPT UNPACKING pc=0x000000000364787f sp=0x00000000033fc940 mode 1
Event: 2.500 loading class org/springframework/aop/framework/Advised
Event: 2.500 loading class org/springframework/aop/framework/Advised done
Event: 2.500 Thread 0x0000000003506800 DEOPT PACKING pc=0x00000000037de8c1 sp=0x00000000033fcb60
Event: 2.500 Thread 0x0000000003506800 DEOPT UNPACKING pc=0x000000000364787f sp=0x00000000033fc8b0 mode 1
Event: 2.500 Thread 0x0000000003506800 DEOPT PACKING pc=0x0000000003781a3c sp=0x00000000033fcbe0
Event: 2.500 Thread 0x0000000003506800 DEOPT UNPACKING pc=0x000000000364787f sp=0x00000000033fca00 mode 1
Event: 2.500 Thread 0x0000000003506800 DEOPT PACKING pc=0x00000000037817d4 sp=0x00000000033fcd70
Event: 2.500 Thread 0x0000000003506800 DEOPT UNPACKING pc=0x000000000364787f sp=0x00000000033fcb90 mode 1


Dynamic libraries:
0x00007ff66f4a0000 - 0x00007ff66f4d7000 	D:\dev\Java\jdk1.8.0_131\bin\java.exe
0x00007ffff5ba0000 - 0x00007ffff5d90000 	C:\WINDOWS\SYSTEM32\ntdll.dll
0x00007ffff5220000 - 0x00007ffff52d2000 	C:\WINDOWS\System32\KERNEL32.DLL
0x00007ffff2c40000 - 0x00007ffff2ee5000 	C:\WINDOWS\System32\KERNELBASE.dll
0x00007ffff4e40000 - 0x00007ffff4ee3000 	C:\WINDOWS\System32\ADVAPI32.dll
0x00007ffff44f0000 - 0x00007ffff458e000 	C:\WINDOWS\System32\msvcrt.dll
0x00007ffff5310000 - 0x00007ffff53a7000 	C:\WINDOWS\System32\sechost.dll
0x00007ffff49c0000 - 0x00007ffff4adf000 	C:\WINDOWS\System32\RPCRT4.dll
0x00007ffff58f0000 - 0x00007ffff5a84000 	C:\WINDOWS\System32\USER32.dll
0x00007ffff2b10000 - 0x00007ffff2b31000 	C:\WINDOWS\System32\win32u.dll
0x00007ffff4ef0000 - 0x00007ffff4f16000 	C:\WINDOWS\System32\GDI32.dll
0x00007ffff3a50000 - 0x00007ffff3be8000 	C:\WINDOWS\System32\gdi32full.dll
0x00007ffff3880000 - 0x00007ffff391e000 	C:\WINDOWS\System32\msvcp_win.dll
0x00007ffff2b40000 - 0x00007ffff2c3a000 	C:\WINDOWS\System32\ucrtbase.dll
0x00007fffe46f0000 - 0x00007fffe4974000 	C:\WINDOWS\WinSxS\amd64_microsoft.windows.common-controls_6595b64144ccf1df_6.0.18362.1440_none_9e7dbfb9e45e8e67\COMCTL32.dll
0x00007ffff4680000 - 0x00007ffff49b6000 	C:\WINDOWS\System32\combase.dll
0x00007ffff37f0000 - 0x00007ffff3871000 	C:\WINDOWS\System32\bcryptPrimitives.dll
0x00007ffff52e0000 - 0x00007ffff530e000 	C:\WINDOWS\System32\IMM32.DLL
0x00000000517a0000 - 0x0000000051872000 	D:\dev\Java\jdk1.8.0_131\jre\bin\msvcr100.dll
0x0000000050910000 - 0x00000000511ac000 	D:\dev\Java\jdk1.8.0_131\jre\bin\server\jvm.dll
0x00007ffff4c70000 - 0x00007ffff4c78000 	C:\WINDOWS\System32\PSAPI.DLL
0x00007ffff05b0000 - 0x00007ffff05d4000 	C:\WINDOWS\SYSTEM32\WINMM.dll
0x00007ffff2620000 - 0x00007ffff262a000 	C:\WINDOWS\SYSTEM32\VERSION.dll
0x00007fffce820000 - 0x00007fffce829000 	C:\WINDOWS\SYSTEM32\WSOCK32.dll
0x00007ffff45b0000 - 0x00007ffff461f000 	C:\WINDOWS\System32\WS2_32.dll
0x00007ffff0580000 - 0x00007ffff05ad000 	C:\WINDOWS\SYSTEM32\winmmbase.dll
0x00007ffff3a00000 - 0x00007ffff3a4a000 	C:\WINDOWS\System32\cfgmgr32.dll
0x0000000051c00000 - 0x0000000051c0f000 	D:\dev\Java\jdk1.8.0_131\jre\bin\verify.dll
0x0000000051bd0000 - 0x0000000051bf9000 	D:\dev\Java\jdk1.8.0_131\jre\bin\java.dll
0x0000000051b70000 - 0x0000000051ba5000 	D:\dev\Java\jdk1.8.0_131\jre\bin\jdwp.dll
0x0000000051b60000 - 0x0000000051b68000 	D:\dev\Java\jdk1.8.0_131\jre\bin\npt.dll
0x0000000051770000 - 0x0000000051793000 	D:\dev\Java\jdk1.8.0_131\jre\bin\instrument.dll
0x0000000051bb0000 - 0x0000000051bc6000 	D:\dev\Java\jdk1.8.0_131\jre\bin\zip.dll
0x00007ffff3c50000 - 0x00007ffff4338000 	C:\WINDOWS\System32\SHELL32.dll
0x00007ffff4ae0000 - 0x00007ffff4b87000 	C:\WINDOWS\System32\shcore.dll
0x00007ffff3050000 - 0x00007ffff37cb000 	C:\WINDOWS\System32\windows.storage.dll
0x00007ffff2ad0000 - 0x00007ffff2aee000 	C:\WINDOWS\System32\profapi.dll
0x00007ffff2a80000 - 0x00007ffff2aca000 	C:\WINDOWS\System32\powrprof.dll
0x00007ffff2a50000 - 0x00007ffff2a60000 	C:\WINDOWS\System32\UMPDC.dll
0x00007ffff4340000 - 0x00007ffff4392000 	C:\WINDOWS\System32\shlwapi.dll
0x00007ffff2a60000 - 0x00007ffff2a71000 	C:\WINDOWS\System32\kernel.appcore.dll
0x00007ffff37d0000 - 0x00007ffff37e7000 	C:\WINDOWS\System32\cryptsp.dll
0x0000000051b50000 - 0x0000000051b5b000 	D:\dev\Java\jdk1.8.0_131\jre\bin\dt_shmem.dll
0x0000000051750000 - 0x000000005176a000 	D:\dev\Java\jdk1.8.0_131\jre\bin\net.dll
0x00007ffff2220000 - 0x00007ffff2287000 	C:\WINDOWS\system32\mswsock.dll
0x0000000051730000 - 0x0000000051741000 	D:\dev\Java\jdk1.8.0_131\jre\bin\nio.dll

VM Arguments:
jvm_args: -agentlib:jdwp=transport=dt_shmem,address=javadebug,suspend=y,server=n -ea -Didea.test.cyclic.buffer.size=1048576 -javaagent:C:\Users\flydr\.IntelliJIdea2019.3\system\captureAgent\debugger-agent.jar -Dfile.encoding=UTF-8 
java_command: com.intellij.rt.junit.JUnitStarter -ideVersion5 -junit4 com.demo.myspringboot.mybatis.MapperTest,contextLoads
java_class_path (initial): D:\dev\IntelliJ IDEA 2019.3.1\lib\idea_rt.jar;D:\dev\IntelliJ IDEA 2019.3.1\plugins\junit\lib\junit5-rt.jar;D:\dev\IntelliJ IDEA 2019.3.1\plugins\junit\lib\junit-rt.jar;D:\dev\Java\jdk1.8.0_131\jre\lib\charsets.jar;D:\dev\Java\jdk1.8.0_131\jre\lib\deploy.jar;D:\dev\Java\jdk1.8.0_131\jre\lib\ext\access-bridge-64.jar;D:\dev\Java\jdk1.8.0_131\jre\lib\ext\cldrdata.jar;D:\dev\Java\jdk1.8.0_131\jre\lib\ext\dnsns.jar;D:\dev\Java\jdk1.8.0_131\jre\lib\ext\jaccess.jar;D:\dev\Java\jdk1.8.0_131\jre\lib\ext\jfxrt.jar;D:\dev\Java\jdk1.8.0_131\jre\lib\ext\localedata.jar;D:\dev\Java\jdk1.8.0_131\jre\lib\ext\nashorn.jar;D:\dev\Java\jdk1.8.0_131\jre\lib\ext\sunec.jar;D:\dev\Java\jdk1.8.0_131\jre\lib\ext\sunjce_provider.jar;D:\dev\Java\jdk1.8.0_131\jre\lib\ext\sunmscapi.jar;D:\dev\Java\jdk1.8.0_131\jre\lib\ext\sunpkcs11.jar;D:\dev\Java\jdk1.8.0_131\jre\lib\ext\zipfs.jar;D:\dev\Java\jdk1.8.0_131\jre\lib\javaws.jar;D:\dev\Java\jdk1.8.0_131\jre\lib\jce.jar;D:\dev\Java\jdk1.8.0_131\jre\lib\jfr.jar;D:\dev\Java\jdk1.8.0_131\jre\lib\jfxswt.jar;D:\dev\Java\jdk1.8.0_131\jre\lib\jsse.jar;D:\dev\Java\jdk1.8.0_131\jre\lib\management-agent.jar;D:\dev\Java\jdk1.8.0_131\jre\lib\plugin.jar;D:\dev\Java\jdk1.8.0_131\jre\lib\resources.jar;D:\dev\Java\jdk1.8.0_131\jre\lib\rt.jar;D:\IdeaProjects\myspringbootdemo\core\target\test-classes;D:\IdeaProjects\myspringbootdemo\core\target\classes;D:\IdeaProjects\myspringbootdemo\component\target\classes;D:\dev\Repository\com\baomidou\mybatis-plus-boot-starter\3.4.2\mybatis-plus-boot-starter-3.4.2.jar;D:\dev\Repository\com\baomidou\mybatis-plus\3.4.2\mybatis-plus-3.4.2.jar;D:\dev\Repository\com\baomidou\mybatis-plus-extension\3.4.2\mybatis-plus-extension-3.4.2.jar;D:\dev\Repository\com\baomidou\mybatis-plus-core\3.4.2\mybatis-plus-core-3.4.2.jar;D:\dev\Repository\com\baomidou\mybatis-plus-annotation\3.4.2\mybatis-plus-annotation-3.4.2.jar;D:\dev\Repository\com\github\jsqlparser\jsqlparser\4.0\jsqlparser-4.0.jar;D:\dev\Repository\org\my
Launcher Type: SUN_STANDARD

Environment Variables:
JAVA_HOME=D:\dev\Java\jdk1.8.0_131
PATH=C:\Program Files (x86)\Common Files\Oracle\Java\javapath;C:\ProgramData\Oracle\Java\javapath;D:\app\xiaolu\product\11.2.0\dbhome_1\bin;C:\Program Files (x86)\Intel\iCLS Client\;C:\Program Files\Intel\iCLS Client\;C:\Windows\system32;C:\Windows;C:\Windows\System32\Wbem;C:\Windows\System32\WindowsPowerShell\v1.0\;C:\Program Files (x86)\Intel\Intel(R) Management Engine Components\DAL;C:\Program Files\Intel\Intel(R) Management Engine Components\DAL;C:\Program Files (x86)\Intel\Intel(R) Management Engine Components\IPT;C:\Program Files\Intel\Intel(R) Management Engine Components\IPT;C:\Program Files (x86)\NVIDIA Corporation\PhysX\Common;C:\WINDOWS\system32;C:\WINDOWS;C:\WINDOWS\System32\Wbem;C:\WINDOWS\System32\WindowsPowerShell\v1.0\;D:\MySQL\mysql-5.7.29-winx64\bin;D:\dev\nginx-1.14.0;C:\WINDOWS\System32\OpenSSH\;D:\dev\Java\jdk1.8.0_131\bin;D:\dev\apache-maven-3.3.9\bin;C:\Program Files\Intel\WiFi\bin\;C:\Program Files\Common Files\Intel\WirelessCommon\;C:\Program Files\NVIDIA Corporation\NVIDIA NvDLISR;D:\Git\cmd;D:\TortoiseGit\bin;D:\dev\gradle-6.4.1\bin;C:\Users\flydr\AppData\Local\Microsoft\WindowsApps
USERNAME=xiaolu
OS=Windows_NT
PROCESSOR_IDENTIFIER=Intel64 Family 6 Model 142 Stepping 10, GenuineIntel



---------------  S Y S T E M  ---------------

OS: Windows 10.0 , 64 bit Build 18362 (10.0.18362.1350)

CPU:total 8 (initial active 8) (4 cores per cpu, 2 threads per core) family 6 model 142 stepping 10, cmov, cx8, fxsr, mmx, sse, sse2, sse3, ssse3, sse4.1, sse4.2, popcnt, avx, avx2, aes, clmul, erms, 3dnowpref, lzcnt, ht, tsc, tscinvbit, bmi1, bmi2, adx

Memory: 4k page, physical 8269924k(814776k free), swap 15692512k(4564k free)

vm_info: Java HotSpot(TM) 64-Bit Server VM (25.131-b11) for windows-amd64 JRE (1.8.0_131-b11), built on Mar 15 2017 01:23:53 by "java_re" with MS VC++ 10.0 (VS2010)

time: Sun Apr 04 16:41:48 2021
elapsed time: 2 seconds (0d 0h 0m 2s)

